2019-07-24 09:46:43,878 ERROR 2804 [-/127.0.0.1/-/6ms POST /v1/addShop?id=24afea564e5248b5a2bc59da95f09911] nodejs.TypeError: Cannot read property 'present_price' of null
    at OperatingGoodsController.addShop (C:\Users\Administrator\Desktop\mall\server\app\controller\api\operatingGoods.js:61:38)
    at process._tickCallback (internal/process/next_tick.js:68:7)

pid: 2804
hostname: stu31

2019-07-24 09:48:20,672 ERROR 2804 [-/127.0.0.1/-/5ms POST /v1/addShop?id=24afea564e5248b5a2bc59da95f099] nodejs.TypeError: Cannot read property 'present_price' of null
    at OperatingGoodsController.addShop (C:\Users\Administrator\Desktop\mall\server\app\controller\api\operatingGoods.js:61:38)
    at process._tickCallback (internal/process/next_tick.js:68:7)

pid: 2804
hostname: stu31

2019-07-24 09:48:25,027 ERROR 2804 [-/127.0.0.1/-/8ms POST /v1/addShop?id=24afea564e5248b5a2bc59da95f099] nodejs.TypeError: Cannot read property 'present_price' of null
    at OperatingGoodsController.addShop (C:\Users\Administrator\Desktop\mall\server\app\controller\api\operatingGoods.js:61:38)
    at process._tickCallback (internal/process/next_tick.js:68:7)

pid: 2804
hostname: stu31

2019-07-24 09:48:36,578 ERROR 2804 [-/127.0.0.1/-/2ms POST /v1/addShop?id=24afea564e5248b5a2bc59da95f099] nodejs.TypeError: Cannot read property 'present_price' of null
    at OperatingGoodsController.addShop (C:\Users\Administrator\Desktop\mall\server\app\controller\api\operatingGoods.js:61:38)
    at process._tickCallback (internal/process/next_tick.js:68:7)

pid: 2804
hostname: stu31

2019-07-24 18:03:08,318 ERROR 2916 [-/127.0.0.1/-/58ms POST /v1/deleteShop?id=418fc60784d04e71beffe1ce5174c947] nodejs.CastError: Cast to string failed for value "{ id: '418fc60784d04e71beffe1ce5174c947' }" at path "cid" for model "ShopList"
    at new CastError (C:\Users\Administrator\Desktop\mall\server\node_modules\mongoose\lib\error\cast.js:29:11)
    at SchemaString.cast (C:\Users\Administrator\Desktop\mall\server\node_modules\mongoose\lib\schema\string.js:553:11)
    at SchemaString.SchemaType.applySetters (C:\Users\Administrator\Desktop\mall\server\node_modules\mongoose\lib\schematype.js:948:12)
    at SchemaString.SchemaType._castForQuery (C:\Users\Administrator\Desktop\mall\server\node_modules\mongoose\lib\schematype.js:1362:15)
    at SchemaString.castForQuery (C:\Users\Administrator\Desktop\mall\server\node_modules\mongoose\lib\schema\string.js:609:15)
    at SchemaString.SchemaType.castForQueryWrapper (C:\Users\Administrator\Desktop\mall\server\node_modules\mongoose\lib\schematype.js:1331:15)
    at cast (C:\Users\Administrator\Desktop\mall\server\node_modules\mongoose\lib\cast.js:252:34)
    at model.Query.Query.cast (C:\Users\Administrator\Desktop\mall\server\node_modules\mongoose\lib\query.js:4576:12)
    at model.Query.Query._castConditions (C:\Users\Administrator\Desktop\mall\server\node_modules\mongoose\lib\query.js:1783:10)
    at model.Query.<anonymous> (C:\Users\Administrator\Desktop\mall\server\node_modules\mongoose\lib\query.js:2719:8)
    at model.Query._wrappedThunk [as _deleteMany] (C:\Users\Administrator\Desktop\mall\server\node_modules\mongoose\lib\helpers\query\wrapThunk.js:16:8)
    at process.nextTick (C:\Users\Administrator\Desktop\mall\server\node_modules\kareem\index.js:369:33)
    at process._tickCallback (internal/process/next_tick.js:61:11)
message: "Cast to string failed for value \"{ id: '418fc60784d04e71beffe1ce5174c947' }\" at path \"cid\" for model \"ShopList\""
name: "CastError"
stringValue: "\"{ id: '418fc60784d04e71beffe1ce5174c947' }\""
kind: "string"
value: {"id":"418fc60784d04e71beffe1ce5174c947"}
path: "cid"
reason: undefined
model: undefined
pid: 2916
hostname: stu31

2019-07-24 18:03:38,000 ERROR 2916 [-/127.0.0.1/-/6ms POST /v1/deleteShop] nodejs.CastError: Cast to string failed for value "{ id: '418fc60784d04e71beffe1ce5174c947' }" at path "cid" for model "ShopList"
    at new CastError (C:\Users\Administrator\Desktop\mall\server\node_modules\mongoose\lib\error\cast.js:29:11)
    at SchemaString.cast (C:\Users\Administrator\Desktop\mall\server\node_modules\mongoose\lib\schema\string.js:553:11)
    at SchemaString.SchemaType.applySetters (C:\Users\Administrator\Desktop\mall\server\node_modules\mongoose\lib\schematype.js:948:12)
    at SchemaString.SchemaType._castForQuery (C:\Users\Administrator\Desktop\mall\server\node_modules\mongoose\lib\schematype.js:1362:15)
    at SchemaString.castForQuery (C:\Users\Administrator\Desktop\mall\server\node_modules\mongoose\lib\schema\string.js:609:15)
    at SchemaString.SchemaType.castForQueryWrapper (C:\Users\Administrator\Desktop\mall\server\node_modules\mongoose\lib\schematype.js:1331:15)
    at cast (C:\Users\Administrator\Desktop\mall\server\node_modules\mongoose\lib\cast.js:252:34)
    at model.Query.Query.cast (C:\Users\Administrator\Desktop\mall\server\node_modules\mongoose\lib\query.js:4576:12)
    at model.Query.Query._castConditions (C:\Users\Administrator\Desktop\mall\server\node_modules\mongoose\lib\query.js:1783:10)
    at model.Query.<anonymous> (C:\Users\Administrator\Desktop\mall\server\node_modules\mongoose\lib\query.js:2719:8)
    at model.Query._wrappedThunk [as _deleteMany] (C:\Users\Administrator\Desktop\mall\server\node_modules\mongoose\lib\helpers\query\wrapThunk.js:16:8)
    at process.nextTick (C:\Users\Administrator\Desktop\mall\server\node_modules\kareem\index.js:369:33)
    at process._tickCallback (internal/process/next_tick.js:61:11)
message: "Cast to string failed for value \"{ id: '418fc60784d04e71beffe1ce5174c947' }\" at path \"cid\" for model \"ShopList\""
name: "CastError"
stringValue: "\"{ id: '418fc60784d04e71beffe1ce5174c947' }\""
kind: "string"
value: {"id":"418fc60784d04e71beffe1ce5174c947"}
path: "cid"
reason: undefined
model: undefined
pid: 2916
hostname: stu31

2019-07-24 18:04:05,216 ERROR 2916 [-/127.0.0.1/-/1ms POST /v1/deleteShop] nodejs.CastError: Cast to string failed for value "{ id: '418fc60784d04e71beffe1ce5174c947' }" at path "cid" for model "ShopList"
    at new CastError (C:\Users\Administrator\Desktop\mall\server\node_modules\mongoose\lib\error\cast.js:29:11)
    at SchemaString.cast (C:\Users\Administrator\Desktop\mall\server\node_modules\mongoose\lib\schema\string.js:553:11)
    at SchemaString.SchemaType.applySetters (C:\Users\Administrator\Desktop\mall\server\node_modules\mongoose\lib\schematype.js:948:12)
    at SchemaString.SchemaType._castForQuery (C:\Users\Administrator\Desktop\mall\server\node_modules\mongoose\lib\schematype.js:1362:15)
    at SchemaString.castForQuery (C:\Users\Administrator\Desktop\mall\server\node_modules\mongoose\lib\schema\string.js:609:15)
    at SchemaString.SchemaType.castForQueryWrapper (C:\Users\Administrator\Desktop\mall\server\node_modules\mongoose\lib\schematype.js:1331:15)
    at cast (C:\Users\Administrator\Desktop\mall\server\node_modules\mongoose\lib\cast.js:252:34)
    at model.Query.Query.cast (C:\Users\Administrator\Desktop\mall\server\node_modules\mongoose\lib\query.js:4576:12)
    at model.Query.Query._castConditions (C:\Users\Administrator\Desktop\mall\server\node_modules\mongoose\lib\query.js:1783:10)
    at model.Query.<anonymous> (C:\Users\Administrator\Desktop\mall\server\node_modules\mongoose\lib\query.js:2719:8)
    at model.Query._wrappedThunk [as _deleteMany] (C:\Users\Administrator\Desktop\mall\server\node_modules\mongoose\lib\helpers\query\wrapThunk.js:16:8)
    at process.nextTick (C:\Users\Administrator\Desktop\mall\server\node_modules\kareem\index.js:369:33)
    at process._tickCallback (internal/process/next_tick.js:61:11)
message: "Cast to string failed for value \"{ id: '418fc60784d04e71beffe1ce5174c947' }\" at path \"cid\" for model \"ShopList\""
name: "CastError"
stringValue: "\"{ id: '418fc60784d04e71beffe1ce5174c947' }\""
kind: "string"
value: {"id":"418fc60784d04e71beffe1ce5174c947"}
path: "cid"
reason: undefined
model: undefined
pid: 2916
hostname: stu31

2019-07-24 18:04:29,340 ERROR 2916 [-/127.0.0.1/-/2ms POST /v1/deleteShop] nodejs.CastError: Cast to string failed for value "{ id: '5d36b7521b89620d901c75b0' }" at path "cid" for model "ShopList"
    at new CastError (C:\Users\Administrator\Desktop\mall\server\node_modules\mongoose\lib\error\cast.js:29:11)
    at SchemaString.cast (C:\Users\Administrator\Desktop\mall\server\node_modules\mongoose\lib\schema\string.js:553:11)
    at SchemaString.SchemaType.applySetters (C:\Users\Administrator\Desktop\mall\server\node_modules\mongoose\lib\schematype.js:948:12)
    at SchemaString.SchemaType._castForQuery (C:\Users\Administrator\Desktop\mall\server\node_modules\mongoose\lib\schematype.js:1362:15)
    at SchemaString.castForQuery (C:\Users\Administrator\Desktop\mall\server\node_modules\mongoose\lib\schema\string.js:609:15)
    at SchemaString.SchemaType.castForQueryWrapper (C:\Users\Administrator\Desktop\mall\server\node_modules\mongoose\lib\schematype.js:1331:15)
    at cast (C:\Users\Administrator\Desktop\mall\server\node_modules\mongoose\lib\cast.js:252:34)
    at model.Query.Query.cast (C:\Users\Administrator\Desktop\mall\server\node_modules\mongoose\lib\query.js:4576:12)
    at model.Query.Query._castConditions (C:\Users\Administrator\Desktop\mall\server\node_modules\mongoose\lib\query.js:1783:10)
    at model.Query.<anonymous> (C:\Users\Administrator\Desktop\mall\server\node_modules\mongoose\lib\query.js:2719:8)
    at model.Query._wrappedThunk [as _deleteMany] (C:\Users\Administrator\Desktop\mall\server\node_modules\mongoose\lib\helpers\query\wrapThunk.js:16:8)
    at process.nextTick (C:\Users\Administrator\Desktop\mall\server\node_modules\kareem\index.js:369:33)
    at process._tickCallback (internal/process/next_tick.js:61:11)
message: "Cast to string failed for value \"{ id: '5d36b7521b89620d901c75b0' }\" at path \"cid\" for model \"ShopList\""
name: "CastError"
stringValue: "\"{ id: '5d36b7521b89620d901c75b0' }\""
kind: "string"
value: {"id":"5d36b7521b89620d901c75b0"}
path: "cid"
reason: undefined
model: undefined
pid: 2916
hostname: stu31

2019-07-24 18:04:42,903 ERROR 2916 [-/127.0.0.1/-/1ms POST /v1/deleteShop] nodejs.CastError: Cast to string failed for value "{ id: '5d381781c0c1d90b64228563' }" at path "cid" for model "ShopList"
    at new CastError (C:\Users\Administrator\Desktop\mall\server\node_modules\mongoose\lib\error\cast.js:29:11)
    at SchemaString.cast (C:\Users\Administrator\Desktop\mall\server\node_modules\mongoose\lib\schema\string.js:553:11)
    at SchemaString.SchemaType.applySetters (C:\Users\Administrator\Desktop\mall\server\node_modules\mongoose\lib\schematype.js:948:12)
    at SchemaString.SchemaType._castForQuery (C:\Users\Administrator\Desktop\mall\server\node_modules\mongoose\lib\schematype.js:1362:15)
    at SchemaString.castForQuery (C:\Users\Administrator\Desktop\mall\server\node_modules\mongoose\lib\schema\string.js:609:15)
    at SchemaString.SchemaType.castForQueryWrapper (C:\Users\Administrator\Desktop\mall\server\node_modules\mongoose\lib\schematype.js:1331:15)
    at cast (C:\Users\Administrator\Desktop\mall\server\node_modules\mongoose\lib\cast.js:252:34)
    at model.Query.Query.cast (C:\Users\Administrator\Desktop\mall\server\node_modules\mongoose\lib\query.js:4576:12)
    at model.Query.Query._castConditions (C:\Users\Administrator\Desktop\mall\server\node_modules\mongoose\lib\query.js:1783:10)
    at model.Query.<anonymous> (C:\Users\Administrator\Desktop\mall\server\node_modules\mongoose\lib\query.js:2719:8)
    at model.Query._wrappedThunk [as _deleteMany] (C:\Users\Administrator\Desktop\mall\server\node_modules\mongoose\lib\helpers\query\wrapThunk.js:16:8)
    at process.nextTick (C:\Users\Administrator\Desktop\mall\server\node_modules\kareem\index.js:369:33)
    at process._tickCallback (internal/process/next_tick.js:61:11)
message: "Cast to string failed for value \"{ id: '5d381781c0c1d90b64228563' }\" at path \"cid\" for model \"ShopList\""
name: "CastError"
stringValue: "\"{ id: '5d381781c0c1d90b64228563' }\""
kind: "string"
value: {"id":"5d381781c0c1d90b64228563"}
path: "cid"
reason: undefined
model: undefined
pid: 2916
hostname: stu31

2019-07-24 18:06:19,444 ERROR 2916 [-/127.0.0.1/-/1ms POST /v1/deleteShop] nodejs.CastError: Cast to string failed for value "{ id: '418fc60784d04e71beffe1ce5174c947' }" at path "cid" for model "ShopList"
    at new CastError (C:\Users\Administrator\Desktop\mall\server\node_modules\mongoose\lib\error\cast.js:29:11)
    at SchemaString.cast (C:\Users\Administrator\Desktop\mall\server\node_modules\mongoose\lib\schema\string.js:553:11)
    at SchemaString.SchemaType.applySetters (C:\Users\Administrator\Desktop\mall\server\node_modules\mongoose\lib\schematype.js:948:12)
    at SchemaString.SchemaType._castForQuery (C:\Users\Administrator\Desktop\mall\server\node_modules\mongoose\lib\schematype.js:1362:15)
    at SchemaString.castForQuery (C:\Users\Administrator\Desktop\mall\server\node_modules\mongoose\lib\schema\string.js:609:15)
    at SchemaString.SchemaType.castForQueryWrapper (C:\Users\Administrator\Desktop\mall\server\node_modules\mongoose\lib\schematype.js:1331:15)
    at cast (C:\Users\Administrator\Desktop\mall\server\node_modules\mongoose\lib\cast.js:252:34)
    at model.Query.Query.cast (C:\Users\Administrator\Desktop\mall\server\node_modules\mongoose\lib\query.js:4576:12)
    at model.Query.Query._castConditions (C:\Users\Administrator\Desktop\mall\server\node_modules\mongoose\lib\query.js:1783:10)
    at model.Query.<anonymous> (C:\Users\Administrator\Desktop\mall\server\node_modules\mongoose\lib\query.js:2719:8)
    at model.Query._wrappedThunk [as _deleteMany] (C:\Users\Administrator\Desktop\mall\server\node_modules\mongoose\lib\helpers\query\wrapThunk.js:16:8)
    at process.nextTick (C:\Users\Administrator\Desktop\mall\server\node_modules\kareem\index.js:369:33)
    at process._tickCallback (internal/process/next_tick.js:61:11)
message: "Cast to string failed for value \"{ id: '418fc60784d04e71beffe1ce5174c947' }\" at path \"cid\" for model \"ShopList\""
name: "CastError"
stringValue: "\"{ id: '418fc60784d04e71beffe1ce5174c947' }\""
kind: "string"
value: {"id":"418fc60784d04e71beffe1ce5174c947"}
path: "cid"
reason: undefined
model: undefined
pid: 2916
hostname: stu31

2019-07-24 18:09:02,374 ERROR 2916 [-/127.0.0.1/-/1ms POST /v1/deleteShop] nodejs.CastError: Cast to string failed for value "{ id: '418fc60784d04e71beffe1ce5174c947' }" at path "cid" for model "ShopList"
    at new CastError (C:\Users\Administrator\Desktop\mall\server\node_modules\mongoose\lib\error\cast.js:29:11)
    at SchemaString.cast (C:\Users\Administrator\Desktop\mall\server\node_modules\mongoose\lib\schema\string.js:553:11)
    at SchemaString.SchemaType.applySetters (C:\Users\Administrator\Desktop\mall\server\node_modules\mongoose\lib\schematype.js:948:12)
    at SchemaString.SchemaType._castForQuery (C:\Users\Administrator\Desktop\mall\server\node_modules\mongoose\lib\schematype.js:1362:15)
    at SchemaString.castForQuery (C:\Users\Administrator\Desktop\mall\server\node_modules\mongoose\lib\schema\string.js:609:15)
    at SchemaString.SchemaType.castForQueryWrapper (C:\Users\Administrator\Desktop\mall\server\node_modules\mongoose\lib\schematype.js:1331:15)
    at cast (C:\Users\Administrator\Desktop\mall\server\node_modules\mongoose\lib\cast.js:252:34)
    at model.Query.Query.cast (C:\Users\Administrator\Desktop\mall\server\node_modules\mongoose\lib\query.js:4576:12)
    at model.Query.Query._castConditions (C:\Users\Administrator\Desktop\mall\server\node_modules\mongoose\lib\query.js:1783:10)
    at model.Query.<anonymous> (C:\Users\Administrator\Desktop\mall\server\node_modules\mongoose\lib\query.js:2719:8)
    at model.Query._wrappedThunk [as _deleteMany] (C:\Users\Administrator\Desktop\mall\server\node_modules\mongoose\lib\helpers\query\wrapThunk.js:16:8)
    at process.nextTick (C:\Users\Administrator\Desktop\mall\server\node_modules\kareem\index.js:369:33)
    at process._tickCallback (internal/process/next_tick.js:61:11)
message: "Cast to string failed for value \"{ id: '418fc60784d04e71beffe1ce5174c947' }\" at path \"cid\" for model \"ShopList\""
name: "CastError"
stringValue: "\"{ id: '418fc60784d04e71beffe1ce5174c947' }\""
kind: "string"
value: {"id":"418fc60784d04e71beffe1ce5174c947"}
path: "cid"
reason: undefined
model: undefined
pid: 2916
hostname: stu31

2019-08-01 20:44:58,843 ERROR 13224 nodejs.ClusterClientNoResponseError: client no response in 7709047ms exceeding maxIdleTime 60000ms, maybe the connection is close on other side.
    at Timeout.Leader._heartbeatTimer.setInterval [as _onTimeout] (C:\Users\13514\Desktop\mall\server\node_modules\cluster-client\lib\leader.js:77:23)
    at ontimeout (timers.js:436:11)
    at tryOnTimeout (timers.js:300:5)
    at listOnTimeout (timers.js:263:5)
    at Timer.processTimers (timers.js:223:10)
name: "ClusterClientNoResponseError"
pid: 13224
hostname: LAPTOP-S8FFIG75

