2019-04-26 21:53:24,619 INFO 12066 [egg-schedule]: register schedule /Users/lp1/Downloads/Vue-shopping-master/egg/node_modules/_egg-logrotator@3.1.0@egg-logrotator/app/schedule/clean_log.js
2019-04-26 21:53:24,619 INFO 12066 [egg-schedule]: register schedule /Users/lp1/Downloads/Vue-shopping-master/egg/node_modules/_egg-logrotator@3.1.0@egg-logrotator/app/schedule/rotate_by_file.js
2019-04-26 21:53:25,133 INFO 12060 [Timer] /Users/lp1/Downloads/Vue-shopping-master/egg/node_modules/_egg-logrotator@3.1.0@egg-logrotator/app/schedule/clean_log.js next time will execute after 7594868ms at 2019-04-27 00:00:00.001
2019-04-26 21:53:25,134 INFO 12060 [Timer] /Users/lp1/Downloads/Vue-shopping-master/egg/node_modules/_egg-logrotator@3.1.0@egg-logrotator/app/schedule/rotate_by_file.js next time will execute after 7595867ms at 2019-04-27 00:00:01.001
2019-04-27 08:36:27,870 INFO 6732 [egg-schedule]: register schedule C:\Users\Administrator\Desktop\shop\server\node_modules\egg-logrotator\app\schedule\clean_log.js
2019-04-27 08:36:27,870 INFO 6732 [egg-schedule]: register schedule C:\Users\Administrator\Desktop\shop\server\node_modules\egg-logrotator\app\schedule\rotate_by_file.js
2019-04-27 08:36:28,544 INFO 2016 [Timer] C:\Users\Administrator\Desktop\shop\server\node_modules\egg-logrotator\app\schedule\clean_log.js next time will execute after 55411458ms at 2019-04-28 00:00:00.002
2019-04-27 08:36:28,545 INFO 2016 [Timer] C:\Users\Administrator\Desktop\shop\server\node_modules\egg-logrotator\app\schedule\rotate_by_file.js next time will execute after 55412456ms at 2019-04-28 00:00:01.001
2019-04-27 10:25:49,289 INFO 3124 [egg-schedule]: register schedule C:\Users\Administrator\Desktop\shop\server\node_modules\egg-logrotator\app\schedule\clean_log.js
2019-04-27 10:25:49,289 INFO 3124 [egg-schedule]: register schedule C:\Users\Administrator\Desktop\shop\server\node_modules\egg-logrotator\app\schedule\rotate_by_file.js
2019-04-27 10:25:50,207 INFO 4408 [Timer] C:\Users\Administrator\Desktop\shop\server\node_modules\egg-logrotator\app\schedule\clean_log.js next time will execute after 48849796ms at 2019-04-28 00:00:00.003
2019-04-27 10:25:50,208 INFO 4408 [Timer] C:\Users\Administrator\Desktop\shop\server\node_modules\egg-logrotator\app\schedule\rotate_by_file.js next time will execute after 48850793ms at 2019-04-28 00:00:01.001
2019-04-30 13:56:42,574 INFO 7004 [egg-schedule]: register schedule C:\Users\Administrator\Desktop\shop\server\node_modules\_egg-logrotator@3.1.0@egg-logrotator\app\schedule\clean_log.js
2019-04-30 13:56:42,574 INFO 7004 [egg-schedule]: register schedule C:\Users\Administrator\Desktop\shop\server\node_modules\_egg-logrotator@3.1.0@egg-logrotator\app\schedule\rotate_by_file.js
2019-04-30 13:56:43,566 INFO 7296 [Timer] C:\Users\Administrator\Desktop\shop\server\node_modules\_egg-logrotator@3.1.0@egg-logrotator\app\schedule\clean_log.js next time will execute after 36196437ms at 2019-05-01 00:00:00.003
2019-04-30 13:56:43,566 INFO 7296 [Timer] C:\Users\Administrator\Desktop\shop\server\node_modules\_egg-logrotator@3.1.0@egg-logrotator\app\schedule\rotate_by_file.js next time will execute after 36197434ms at 2019-05-01 00:00:01.000
2019-04-30 14:03:27,981 INFO 1108 [egg-schedule]: register schedule C:\Users\Administrator\Desktop\shop\server\node_modules\_egg-logrotator@3.1.0@egg-logrotator\app\schedule\clean_log.js
2019-04-30 14:03:27,981 INFO 1108 [egg-schedule]: register schedule C:\Users\Administrator\Desktop\shop\server\node_modules\_egg-logrotator@3.1.0@egg-logrotator\app\schedule\rotate_by_file.js
2019-04-30 14:03:28,965 INFO 7224 [Timer] C:\Users\Administrator\Desktop\shop\server\node_modules\_egg-logrotator@3.1.0@egg-logrotator\app\schedule\clean_log.js next time will execute after 35791037ms at 2019-05-01 00:00:00.002
2019-04-30 14:03:28,965 INFO 7224 [Timer] C:\Users\Administrator\Desktop\shop\server\node_modules\_egg-logrotator@3.1.0@egg-logrotator\app\schedule\rotate_by_file.js next time will execute after 35792035ms at 2019-05-01 00:00:01.000
2019-04-30 15:00:05,800 INFO 6380 [egg-schedule]: register schedule C:\Users\Administrator\Desktop\shop\server\node_modules\_egg-logrotator@3.1.0@egg-logrotator\app\schedule\clean_log.js
2019-04-30 15:00:05,800 INFO 6380 [egg-schedule]: register schedule C:\Users\Administrator\Desktop\shop\server\node_modules\_egg-logrotator@3.1.0@egg-logrotator\app\schedule\rotate_by_file.js
2019-04-30 15:01:10,434 INFO 6940 [egg-schedule]: register schedule C:\Users\Administrator\Desktop\shop\server\node_modules\_egg-logrotator@3.1.0@egg-logrotator\app\schedule\clean_log.js
2019-04-30 15:01:10,434 INFO 6940 [egg-schedule]: register schedule C:\Users\Administrator\Desktop\shop\server\node_modules\_egg-logrotator@3.1.0@egg-logrotator\app\schedule\rotate_by_file.js
2019-04-30 15:10:23,300 INFO 1588 [egg-schedule]: register schedule C:\Users\Administrator\Desktop\shop\server\node_modules\_egg-logrotator@3.1.0@egg-logrotator\app\schedule\clean_log.js
2019-04-30 15:10:23,300 INFO 1588 [egg-schedule]: register schedule C:\Users\Administrator\Desktop\shop\server\node_modules\_egg-logrotator@3.1.0@egg-logrotator\app\schedule\rotate_by_file.js
2019-04-30 16:00:35,805 INFO 8096 [Timer] C:\Users\Administrator\Desktop\shop\server\node_modules\_egg-logrotator@3.1.0@egg-logrotator\app\schedule\clean_log.js next time will execute after 28764197ms at 2019-05-01 00:00:00.002
2019-04-30 16:00:35,806 INFO 8096 [Timer] C:\Users\Administrator\Desktop\shop\server\node_modules\_egg-logrotator@3.1.0@egg-logrotator\app\schedule\rotate_by_file.js next time will execute after 28765194ms at 2019-05-01 00:00:01.000
2019-04-30 16:00:34,907 INFO 2516 [egg-schedule]: register schedule C:\Users\Administrator\Desktop\shop\server\node_modules\_egg-logrotator@3.1.0@egg-logrotator\app\schedule\clean_log.js
2019-04-30 16:00:34,907 INFO 2516 [egg-schedule]: register schedule C:\Users\Administrator\Desktop\shop\server\node_modules\_egg-logrotator@3.1.0@egg-logrotator\app\schedule\rotate_by_file.js
2019-04-30 16:27:59,003 INFO 1652 [egg-schedule]: register schedule C:\Users\Administrator\Desktop\shop\server\node_modules\_egg-logrotator@3.1.0@egg-logrotator\app\schedule\clean_log.js
2019-04-30 16:27:59,003 INFO 1652 [egg-schedule]: register schedule C:\Users\Administrator\Desktop\shop\server\node_modules\_egg-logrotator@3.1.0@egg-logrotator\app\schedule\rotate_by_file.js
2019-04-30 16:27:59,901 INFO 3480 [Timer] C:\Users\Administrator\Desktop\shop\server\node_modules\_egg-logrotator@3.1.0@egg-logrotator\app\schedule\clean_log.js next time will execute after 27120102ms at 2019-05-01 00:00:00.003
2019-04-30 16:27:59,902 INFO 3480 [Timer] C:\Users\Administrator\Desktop\shop\server\node_modules\_egg-logrotator@3.1.0@egg-logrotator\app\schedule\rotate_by_file.js next time will execute after 27121098ms at 2019-05-01 00:00:01.000
2019-05-08 11:13:01,316 INFO 7920 [egg-schedule]: register schedule C:\Users\Administrator\Desktop\shop\server\node_modules\_egg-logrotator@3.1.0@egg-logrotator\app\schedule\clean_log.js
2019-05-08 11:13:01,316 INFO 7920 [egg-schedule]: register schedule C:\Users\Administrator\Desktop\shop\server\node_modules\_egg-logrotator@3.1.0@egg-logrotator\app\schedule\rotate_by_file.js
2019-05-08 11:13:02,273 INFO 7520 [Timer] C:\Users\Administrator\Desktop\shop\server\node_modules\_egg-logrotator@3.1.0@egg-logrotator\app\schedule\clean_log.js next time will execute after 46017730ms at 2019-05-09 00:00:00.003
2019-05-08 11:13:02,273 INFO 7520 [Timer] C:\Users\Administrator\Desktop\shop\server\node_modules\_egg-logrotator@3.1.0@egg-logrotator\app\schedule\rotate_by_file.js next time will execute after 46018727ms at 2019-05-09 00:00:01.000
2019-05-08 16:19:35,394 INFO 6608 [egg-schedule]: register schedule C:\Users\Administrator\Desktop\shop\server\node_modules\_egg-logrotator@3.1.0@egg-logrotator\app\schedule\clean_log.js
2019-05-08 16:19:35,394 INFO 6608 [egg-schedule]: register schedule C:\Users\Administrator\Desktop\shop\server\node_modules\_egg-logrotator@3.1.0@egg-logrotator\app\schedule\rotate_by_file.js
2019-05-08 16:19:36,932 INFO 3768 [Timer] C:\Users\Administrator\Desktop\shop\server\node_modules\_egg-logrotator@3.1.0@egg-logrotator\app\schedule\clean_log.js next time will execute after 27623072ms at 2019-05-09 00:00:00.004
2019-05-08 16:19:36,934 INFO 3768 [Timer] C:\Users\Administrator\Desktop\shop\server\node_modules\_egg-logrotator@3.1.0@egg-logrotator\app\schedule\rotate_by_file.js next time will execute after 27624067ms at 2019-05-09 00:00:01.001
2019-05-10 08:53:01,790 INFO 3636 [egg-schedule]: register schedule C:\Users\Administrator\Desktop\shop\server\node_modules\_egg-logrotator@3.1.0@egg-logrotator\app\schedule\clean_log.js
2019-05-10 08:53:01,790 INFO 3636 [egg-schedule]: register schedule C:\Users\Administrator\Desktop\shop\server\node_modules\_egg-logrotator@3.1.0@egg-logrotator\app\schedule\rotate_by_file.js
2019-05-10 08:53:02,667 INFO 7236 [Timer] C:\Users\Administrator\Desktop\shop\server\node_modules\_egg-logrotator@3.1.0@egg-logrotator\app\schedule\clean_log.js next time will execute after 54417335ms at 2019-05-11 00:00:00.002
2019-05-10 08:53:02,670 INFO 7236 [Timer] C:\Users\Administrator\Desktop\shop\server\node_modules\_egg-logrotator@3.1.0@egg-logrotator\app\schedule\rotate_by_file.js next time will execute after 54418333ms at 2019-05-11 00:00:01.002
2019-05-10 08:53:17,483 INFO 7048 [egg-schedule]: register schedule C:\Users\Administrator\Desktop\shop\server\node_modules\_egg-logrotator@3.1.0@egg-logrotator\app\schedule\clean_log.js
2019-05-10 08:53:17,483 INFO 7048 [egg-schedule]: register schedule C:\Users\Administrator\Desktop\shop\server\node_modules\_egg-logrotator@3.1.0@egg-logrotator\app\schedule\rotate_by_file.js
2019-05-10 08:53:18,095 INFO 7848 [Timer] C:\Users\Administrator\Desktop\shop\server\node_modules\_egg-logrotator@3.1.0@egg-logrotator\app\schedule\clean_log.js next time will execute after 54401907ms at 2019-05-11 00:00:00.002
2019-05-10 08:53:18,096 INFO 7848 [Timer] C:\Users\Administrator\Desktop\shop\server\node_modules\_egg-logrotator@3.1.0@egg-logrotator\app\schedule\rotate_by_file.js next time will execute after 54402904ms at 2019-05-11 00:00:01.000
2019-07-01 09:48:44,453 INFO 6592 [Timer] C:\Users\Administrator\Desktop\vue商城项目\server\node_modules\egg-multipart\app\schedule\clean_tmpdir.js next time will execute after 67275550ms at 2019-07-02 04:30:00.003
2019-07-01 09:48:44,453 INFO 6592 [Timer] C:\Users\Administrator\Desktop\vue商城项目\server\node_modules\egg-logrotator\app\schedule\clean_log.js next time will execute after 51075547ms at 2019-07-02 00:00:00.000
2019-07-01 09:48:44,453 INFO 6592 [Timer] C:\Users\Administrator\Desktop\vue商城项目\server\node_modules\egg-logrotator\app\schedule\rotate_by_file.js next time will execute after 51076547ms at 2019-07-02 00:00:01.000
2019-07-01 09:48:43,807 INFO 404 [egg-schedule]: register schedule C:\Users\Administrator\Desktop\vue商城项目\server\node_modules\egg-multipart\app\schedule\clean_tmpdir.js
2019-07-01 09:48:43,807 INFO 404 [egg-schedule]: register schedule C:\Users\Administrator\Desktop\vue商城项目\server\node_modules\egg-logrotator\app\schedule\clean_log.js
2019-07-01 09:48:43,807 INFO 404 [egg-schedule]: register schedule C:\Users\Administrator\Desktop\vue商城项目\server\node_modules\egg-logrotator\app\schedule\rotate_by_file.js
2019-07-03 14:42:37,687 INFO 9404 [egg-schedule]: register schedule C:\Users\Administrator\Desktop\vue商城项目\server\node_modules\egg-multipart\app\schedule\clean_tmpdir.js
2019-07-03 14:42:37,687 INFO 9404 [egg-schedule]: register schedule C:\Users\Administrator\Desktop\vue商城项目\server\node_modules\egg-logrotator\app\schedule\clean_log.js
2019-07-03 14:42:37,687 INFO 9404 [egg-schedule]: register schedule C:\Users\Administrator\Desktop\vue商城项目\server\node_modules\egg-logrotator\app\schedule\rotate_by_file.js
2019-07-03 14:42:38,972 INFO 7312 [Timer] C:\Users\Administrator\Desktop\vue商城项目\server\node_modules\egg-multipart\app\schedule\clean_tmpdir.js next time will execute after 49641031ms at 2019-07-04 04:30:00.003
2019-07-03 14:42:38,973 INFO 7312 [Timer] C:\Users\Administrator\Desktop\vue商城项目\server\node_modules\egg-logrotator\app\schedule\clean_log.js next time will execute after 33441027ms at 2019-07-04 00:00:00.000
2019-07-03 14:42:38,973 INFO 7312 [Timer] C:\Users\Administrator\Desktop\vue商城项目\server\node_modules\egg-logrotator\app\schedule\rotate_by_file.js next time will execute after 33442027ms at 2019-07-04 00:00:01.000
2019-07-03 15:24:23,579 INFO 10252 [egg-schedule]: register schedule C:\Users\Administrator\Desktop\vue商城项目\server\node_modules\egg-multipart\app\schedule\clean_tmpdir.js
2019-07-03 15:24:23,579 INFO 10252 [egg-schedule]: register schedule C:\Users\Administrator\Desktop\vue商城项目\server\node_modules\egg-logrotator\app\schedule\clean_log.js
2019-07-03 15:24:23,579 INFO 10252 [egg-schedule]: register schedule C:\Users\Administrator\Desktop\vue商城项目\server\node_modules\egg-logrotator\app\schedule\rotate_by_file.js
2019-07-03 15:24:24,757 INFO 6160 [Timer] C:\Users\Administrator\Desktop\vue商城项目\server\node_modules\egg-multipart\app\schedule\clean_tmpdir.js next time will execute after 47135246ms at 2019-07-04 04:30:00.003
2019-07-03 15:24:24,758 INFO 6160 [Timer] C:\Users\Administrator\Desktop\vue商城项目\server\node_modules\egg-logrotator\app\schedule\clean_log.js next time will execute after 30935243ms at 2019-07-04 00:00:00.001
2019-07-03 15:24:24,758 INFO 6160 [Timer] C:\Users\Administrator\Desktop\vue商城项目\server\node_modules\egg-logrotator\app\schedule\rotate_by_file.js next time will execute after 30936242ms at 2019-07-04 00:00:01.000
2019-07-15 09:34:58,242 INFO 6168 [egg-schedule]: register schedule C:\Users\Administrator\Desktop\mall\server\node_modules\egg-multipart\app\schedule\clean_tmpdir.js
2019-07-15 09:34:58,243 INFO 6168 [egg-schedule]: register schedule C:\Users\Administrator\Desktop\mall\server\node_modules\egg-logrotator\app\schedule\clean_log.js
2019-07-15 09:34:58,243 INFO 6168 [egg-schedule]: register schedule C:\Users\Administrator\Desktop\mall\server\node_modules\egg-logrotator\app\schedule\rotate_by_file.js
2019-07-15 09:34:59,708 INFO 1984 [Timer] C:\Users\Administrator\Desktop\mall\server\node_modules\egg-multipart\app\schedule\clean_tmpdir.js next time will execute after 68100300ms at 2019-07-16 04:30:00.008
2019-07-15 09:34:59,709 INFO 1984 [Timer] C:\Users\Administrator\Desktop\mall\server\node_modules\egg-logrotator\app\schedule\clean_log.js next time will execute after 51900291ms at 2019-07-16 00:00:00.000
2019-07-15 09:34:59,710 INFO 1984 [Timer] C:\Users\Administrator\Desktop\mall\server\node_modules\egg-logrotator\app\schedule\rotate_by_file.js next time will execute after 51901291ms at 2019-07-16 00:00:01.001
2019-07-17 08:33:40,088 INFO 4056 [egg-schedule]: register schedule C:\Users\Administrator\Desktop\mall\server\node_modules\egg-multipart\app\schedule\clean_tmpdir.js
2019-07-17 08:33:40,088 INFO 4056 [egg-schedule]: register schedule C:\Users\Administrator\Desktop\mall\server\node_modules\egg-logrotator\app\schedule\clean_log.js
2019-07-17 08:33:40,088 INFO 4056 [egg-schedule]: register schedule C:\Users\Administrator\Desktop\mall\server\node_modules\egg-logrotator\app\schedule\rotate_by_file.js
2019-07-17 08:33:41,567 INFO 2180 [Timer] C:\Users\Administrator\Desktop\mall\server\node_modules\egg-multipart\app\schedule\clean_tmpdir.js next time will execute after 71778437ms at 2019-07-18 04:30:00.004
2019-07-17 08:33:41,568 INFO 2180 [Timer] C:\Users\Administrator\Desktop\mall\server\node_modules\egg-logrotator\app\schedule\clean_log.js next time will execute after 55578433ms at 2019-07-18 00:00:00.001
2019-07-17 08:33:41,569 INFO 2180 [Timer] C:\Users\Administrator\Desktop\mall\server\node_modules\egg-logrotator\app\schedule\rotate_by_file.js next time will execute after 55579432ms at 2019-07-18 00:00:01.001
2019-07-17 10:14:38,907 INFO 2696 [egg-schedule]: register schedule C:\Users\Administrator\Desktop\mall\server\node_modules\egg-multipart\app\schedule\clean_tmpdir.js
2019-07-17 10:14:38,907 INFO 2696 [egg-schedule]: register schedule C:\Users\Administrator\Desktop\mall\server\node_modules\egg-logrotator\app\schedule\clean_log.js
2019-07-17 10:14:38,907 INFO 2696 [egg-schedule]: register schedule C:\Users\Administrator\Desktop\mall\server\node_modules\egg-logrotator\app\schedule\rotate_by_file.js
2019-07-17 10:14:40,372 INFO 7120 [Timer] C:\Users\Administrator\Desktop\mall\server\node_modules\egg-multipart\app\schedule\clean_tmpdir.js next time will execute after 65719631ms at 2019-07-18 04:30:00.003
2019-07-17 10:14:40,373 INFO 7120 [Timer] C:\Users\Administrator\Desktop\mall\server\node_modules\egg-logrotator\app\schedule\clean_log.js next time will execute after 49519627ms at 2019-07-18 00:00:00.000
2019-07-17 10:14:40,373 INFO 7120 [Timer] C:\Users\Administrator\Desktop\mall\server\node_modules\egg-logrotator\app\schedule\rotate_by_file.js next time will execute after 49520627ms at 2019-07-18 00:00:01.000
2019-07-17 10:27:22,311 INFO 2984 [egg-schedule]: register schedule C:\Users\Administrator\Desktop\mall\server\node_modules\egg-multipart\app\schedule\clean_tmpdir.js
2019-07-17 10:27:22,312 INFO 2984 [egg-schedule]: register schedule C:\Users\Administrator\Desktop\mall\server\node_modules\egg-logrotator\app\schedule\clean_log.js
2019-07-17 10:27:22,312 INFO 2984 [egg-schedule]: register schedule C:\Users\Administrator\Desktop\mall\server\node_modules\egg-logrotator\app\schedule\rotate_by_file.js
2019-07-17 10:27:23,946 INFO 1220 [Timer] C:\Users\Administrator\Desktop\mall\server\node_modules\egg-multipart\app\schedule\clean_tmpdir.js next time will execute after 64956059ms at 2019-07-18 04:30:00.005
2019-07-17 10:27:23,947 INFO 1220 [Timer] C:\Users\Administrator\Desktop\mall\server\node_modules\egg-logrotator\app\schedule\clean_log.js next time will execute after 48756054ms at 2019-07-18 00:00:00.001
2019-07-17 10:27:23,947 INFO 1220 [Timer] C:\Users\Administrator\Desktop\mall\server\node_modules\egg-logrotator\app\schedule\rotate_by_file.js next time will execute after 48757053ms at 2019-07-18 00:00:01.000
2019-07-17 17:05:02,150 INFO 4656 [egg-schedule]: register schedule C:\Users\Administrator\Desktop\mall\server\node_modules\egg-multipart\app\schedule\clean_tmpdir.js
2019-07-17 17:05:02,150 INFO 4656 [egg-schedule]: register schedule C:\Users\Administrator\Desktop\mall\server\node_modules\egg-logrotator\app\schedule\clean_log.js
2019-07-17 17:05:02,150 INFO 4656 [egg-schedule]: register schedule C:\Users\Administrator\Desktop\mall\server\node_modules\egg-logrotator\app\schedule\rotate_by_file.js
2019-07-17 17:05:04,992 INFO 4848 [Timer] C:\Users\Administrator\Desktop\mall\server\node_modules\egg-multipart\app\schedule\clean_tmpdir.js next time will execute after 41095021ms at 2019-07-18 04:30:00.013
2019-07-17 17:05:04,993 INFO 4848 [Timer] C:\Users\Administrator\Desktop\mall\server\node_modules\egg-logrotator\app\schedule\clean_log.js next time will execute after 24895008ms at 2019-07-18 00:00:00.001
2019-07-17 17:05:04,993 INFO 4848 [Timer] C:\Users\Administrator\Desktop\mall\server\node_modules\egg-logrotator\app\schedule\rotate_by_file.js next time will execute after 24896007ms at 2019-07-18 00:00:01.000
2019-07-17 17:15:27,837 INFO 652 [egg-schedule]: register schedule C:\Users\Administrator\Desktop\mall\server\node_modules\egg-multipart\app\schedule\clean_tmpdir.js
2019-07-17 17:15:27,837 INFO 652 [egg-schedule]: register schedule C:\Users\Administrator\Desktop\mall\server\node_modules\egg-logrotator\app\schedule\clean_log.js
2019-07-17 17:15:27,837 INFO 652 [egg-schedule]: register schedule C:\Users\Administrator\Desktop\mall\server\node_modules\egg-logrotator\app\schedule\rotate_by_file.js
2019-07-17 17:15:29,385 INFO 3900 [Timer] C:\Users\Administrator\Desktop\mall\server\node_modules\egg-multipart\app\schedule\clean_tmpdir.js next time will execute after 40470621ms at 2019-07-18 04:30:00.006
2019-07-17 17:15:29,385 INFO 3900 [Timer] C:\Users\Administrator\Desktop\mall\server\node_modules\egg-logrotator\app\schedule\clean_log.js next time will execute after 24270615ms at 2019-07-18 00:00:00.000
2019-07-17 17:15:29,385 INFO 3900 [Timer] C:\Users\Administrator\Desktop\mall\server\node_modules\egg-logrotator\app\schedule\rotate_by_file.js next time will execute after 24271615ms at 2019-07-18 00:00:01.000
2019-07-18 11:21:35,622 INFO 6036 [egg-schedule]: register schedule C:\Users\Administrator\Desktop\mall\server\node_modules\egg-multipart\app\schedule\clean_tmpdir.js
2019-07-18 11:21:35,622 INFO 6036 [egg-schedule]: register schedule C:\Users\Administrator\Desktop\mall\server\node_modules\egg-logrotator\app\schedule\clean_log.js
2019-07-18 11:21:35,622 INFO 6036 [egg-schedule]: register schedule C:\Users\Administrator\Desktop\mall\server\node_modules\egg-logrotator\app\schedule\rotate_by_file.js
2019-07-18 11:21:37,525 INFO 4140 [Timer] C:\Users\Administrator\Desktop\mall\server\node_modules\egg-multipart\app\schedule\clean_tmpdir.js next time will execute after 61702479ms at 2019-07-19 04:30:00.004
2019-07-18 11:21:37,525 INFO 4140 [Timer] C:\Users\Administrator\Desktop\mall\server\node_modules\egg-logrotator\app\schedule\clean_log.js next time will execute after 45502475ms at 2019-07-19 00:00:00.000
2019-07-18 11:21:37,526 INFO 4140 [Timer] C:\Users\Administrator\Desktop\mall\server\node_modules\egg-logrotator\app\schedule\rotate_by_file.js next time will execute after 45503475ms at 2019-07-19 00:00:01.001
2019-07-19 08:33:38,074 INFO 3252 [egg-schedule]: register schedule C:\Users\Administrator\Desktop\mall\server\node_modules\egg-multipart\app\schedule\clean_tmpdir.js
2019-07-19 08:33:38,074 INFO 3252 [egg-schedule]: register schedule C:\Users\Administrator\Desktop\mall\server\node_modules\egg-logrotator\app\schedule\clean_log.js
2019-07-19 08:33:38,074 INFO 3252 [egg-schedule]: register schedule C:\Users\Administrator\Desktop\mall\server\node_modules\egg-logrotator\app\schedule\rotate_by_file.js
2019-07-19 08:33:39,436 INFO 1000 [Timer] C:\Users\Administrator\Desktop\mall\server\node_modules\egg-multipart\app\schedule\clean_tmpdir.js next time will execute after 71780566ms at 2019-07-20 04:30:00.002
2019-07-19 08:33:39,437 INFO 1000 [Timer] C:\Users\Administrator\Desktop\mall\server\node_modules\egg-logrotator\app\schedule\clean_log.js next time will execute after 55580564ms at 2019-07-20 00:00:00.001
2019-07-19 08:33:39,437 INFO 1000 [Timer] C:\Users\Administrator\Desktop\mall\server\node_modules\egg-logrotator\app\schedule\rotate_by_file.js next time will execute after 55581563ms at 2019-07-20 00:00:01.000
2019-07-22 08:24:08,766 INFO 6136 [egg-schedule]: register schedule C:\Users\Administrator\Desktop\mall\server\node_modules\egg-multipart\app\schedule\clean_tmpdir.js
2019-07-22 08:24:08,766 INFO 6136 [egg-schedule]: register schedule C:\Users\Administrator\Desktop\mall\server\node_modules\egg-logrotator\app\schedule\clean_log.js
2019-07-22 08:24:08,766 INFO 6136 [egg-schedule]: register schedule C:\Users\Administrator\Desktop\mall\server\node_modules\egg-logrotator\app\schedule\rotate_by_file.js
2019-07-22 08:24:10,604 INFO 6092 [Timer] C:\Users\Administrator\Desktop\mall\server\node_modules\egg-multipart\app\schedule\clean_tmpdir.js next time will execute after 72349403ms at 2019-07-23 04:30:00.007
2019-07-22 08:24:10,605 INFO 6092 [Timer] C:\Users\Administrator\Desktop\mall\server\node_modules\egg-logrotator\app\schedule\clean_log.js next time will execute after 56149396ms at 2019-07-23 00:00:00.001
2019-07-22 08:24:10,606 INFO 6092 [Timer] C:\Users\Administrator\Desktop\mall\server\node_modules\egg-logrotator\app\schedule\rotate_by_file.js next time will execute after 56150395ms at 2019-07-23 00:00:01.001
2019-07-23 08:39:04,317 INFO 3472 [egg-schedule]: register schedule C:\Users\Administrator\Desktop\mall\server\node_modules\egg-multipart\app\schedule\clean_tmpdir.js
2019-07-23 08:39:04,317 INFO 3472 [egg-schedule]: register schedule C:\Users\Administrator\Desktop\mall\server\node_modules\egg-logrotator\app\schedule\clean_log.js
2019-07-23 08:39:04,317 INFO 3472 [egg-schedule]: register schedule C:\Users\Administrator\Desktop\mall\server\node_modules\egg-logrotator\app\schedule\rotate_by_file.js
2019-07-23 08:39:05,659 INFO 3152 [Timer] C:\Users\Administrator\Desktop\mall\server\node_modules\egg-multipart\app\schedule\clean_tmpdir.js next time will execute after 71454344ms at 2019-07-24 04:30:00.003
2019-07-23 08:39:05,659 INFO 3152 [Timer] C:\Users\Administrator\Desktop\mall\server\node_modules\egg-logrotator\app\schedule\clean_log.js next time will execute after 55254341ms at 2019-07-24 00:00:00.000
2019-07-23 08:39:05,660 INFO 3152 [Timer] C:\Users\Administrator\Desktop\mall\server\node_modules\egg-logrotator\app\schedule\rotate_by_file.js next time will execute after 55255341ms at 2019-07-24 00:00:01.001
2019-07-24 08:28:27,435 INFO 2804 [egg-schedule]: register schedule C:\Users\Administrator\Desktop\mall\server\node_modules\egg-multipart\app\schedule\clean_tmpdir.js
2019-07-24 08:28:27,435 INFO 2804 [egg-schedule]: register schedule C:\Users\Administrator\Desktop\mall\server\node_modules\egg-logrotator\app\schedule\clean_log.js
2019-07-24 08:28:27,435 INFO 2804 [egg-schedule]: register schedule C:\Users\Administrator\Desktop\mall\server\node_modules\egg-logrotator\app\schedule\rotate_by_file.js
2019-07-24 08:28:28,875 INFO 2284 [Timer] C:\Users\Administrator\Desktop\mall\server\node_modules\egg-multipart\app\schedule\clean_tmpdir.js next time will execute after 72091128ms at 2019-07-25 04:30:00.003
2019-07-24 08:28:28,875 INFO 2284 [Timer] C:\Users\Administrator\Desktop\mall\server\node_modules\egg-logrotator\app\schedule\clean_log.js next time will execute after 55891125ms at 2019-07-25 00:00:00.000
2019-07-24 08:28:28,875 INFO 2284 [Timer] C:\Users\Administrator\Desktop\mall\server\node_modules\egg-logrotator\app\schedule\rotate_by_file.js next time will execute after 55892125ms at 2019-07-25 00:00:01.000
2019-07-24 12:08:32,993 INFO 2916 [egg-schedule]: register schedule C:\Users\Administrator\Desktop\mall\server\node_modules\egg-multipart\app\schedule\clean_tmpdir.js
2019-07-24 12:08:32,993 INFO 2916 [egg-schedule]: register schedule C:\Users\Administrator\Desktop\mall\server\node_modules\egg-logrotator\app\schedule\clean_log.js
2019-07-24 12:08:32,993 INFO 2916 [egg-schedule]: register schedule C:\Users\Administrator\Desktop\mall\server\node_modules\egg-logrotator\app\schedule\rotate_by_file.js
2019-07-24 12:08:35,551 INFO 4840 [Timer] C:\Users\Administrator\Desktop\mall\server\node_modules\egg-multipart\app\schedule\clean_tmpdir.js next time will execute after 58884453ms at 2019-07-25 04:30:00.004
2019-07-24 12:08:35,551 INFO 4840 [Timer] C:\Users\Administrator\Desktop\mall\server\node_modules\egg-logrotator\app\schedule\clean_log.js next time will execute after 42684449ms at 2019-07-25 00:00:00.000
2019-07-24 12:08:35,551 INFO 4840 [Timer] C:\Users\Administrator\Desktop\mall\server\node_modules\egg-logrotator\app\schedule\rotate_by_file.js next time will execute after 42685449ms at 2019-07-25 00:00:01.000
2019-07-25 08:53:19,641 INFO 5504 [egg-schedule]: register schedule C:\Users\Administrator\Desktop\mall\server\node_modules\egg-multipart\app\schedule\clean_tmpdir.js
2019-07-25 08:53:19,641 INFO 5504 [egg-schedule]: register schedule C:\Users\Administrator\Desktop\mall\server\node_modules\egg-logrotator\app\schedule\clean_log.js
2019-07-25 08:53:19,641 INFO 5504 [egg-schedule]: register schedule C:\Users\Administrator\Desktop\mall\server\node_modules\egg-logrotator\app\schedule\rotate_by_file.js
2019-07-25 08:53:27,090 INFO 5384 [Timer] C:\Users\Administrator\Desktop\mall\server\node_modules\egg-multipart\app\schedule\clean_tmpdir.js next time will execute after 70592915ms at 2019-07-26 04:30:00.005
2019-07-25 08:53:27,090 INFO 5384 [Timer] C:\Users\Administrator\Desktop\mall\server\node_modules\egg-logrotator\app\schedule\clean_log.js next time will execute after 54392910ms at 2019-07-26 00:00:00.000
2019-07-25 08:53:27,091 INFO 5384 [Timer] C:\Users\Administrator\Desktop\mall\server\node_modules\egg-logrotator\app\schedule\rotate_by_file.js next time will execute after 54393910ms at 2019-07-26 00:00:01.001
2019-07-26 09:09:30,733 INFO 1404 [egg-schedule]: register schedule C:\Users\Administrator\Desktop\mall\server\node_modules\egg-multipart\app\schedule\clean_tmpdir.js
2019-07-26 09:09:30,733 INFO 1404 [egg-schedule]: register schedule C:\Users\Administrator\Desktop\mall\server\node_modules\egg-logrotator\app\schedule\clean_log.js
2019-07-26 09:09:30,733 INFO 1404 [egg-schedule]: register schedule C:\Users\Administrator\Desktop\mall\server\node_modules\egg-logrotator\app\schedule\rotate_by_file.js
2019-07-26 09:09:32,339 INFO 3404 [Timer] C:\Users\Administrator\Desktop\mall\server\node_modules\egg-multipart\app\schedule\clean_tmpdir.js next time will execute after 69627665ms at 2019-07-27 04:30:00.004
2019-07-26 09:09:32,339 INFO 3404 [Timer] C:\Users\Administrator\Desktop\mall\server\node_modules\egg-logrotator\app\schedule\clean_log.js next time will execute after 53427661ms at 2019-07-27 00:00:00.000
2019-07-26 09:09:32,339 INFO 3404 [Timer] C:\Users\Administrator\Desktop\mall\server\node_modules\egg-logrotator\app\schedule\rotate_by_file.js next time will execute after 53428661ms at 2019-07-27 00:00:01.000
2019-07-27 08:57:45,634 INFO 5024 [egg-schedule]: register schedule C:\Users\Administrator\Desktop\mall\server\node_modules\egg-multipart\app\schedule\clean_tmpdir.js
2019-07-27 08:57:45,634 INFO 5024 [egg-schedule]: register schedule C:\Users\Administrator\Desktop\mall\server\node_modules\egg-logrotator\app\schedule\clean_log.js
2019-07-27 08:57:45,634 INFO 5024 [egg-schedule]: register schedule C:\Users\Administrator\Desktop\mall\server\node_modules\egg-logrotator\app\schedule\rotate_by_file.js
2019-07-27 08:57:47,078 INFO 988 [Timer] C:\Users\Administrator\Desktop\mall\server\node_modules\egg-multipart\app\schedule\clean_tmpdir.js next time will execute after 70332924ms at 2019-07-28 04:30:00.002
2019-07-27 08:57:47,079 INFO 988 [Timer] C:\Users\Administrator\Desktop\mall\server\node_modules\egg-logrotator\app\schedule\clean_log.js next time will execute after 54132922ms at 2019-07-28 00:00:00.001
2019-07-27 08:57:47,079 INFO 988 [Timer] C:\Users\Administrator\Desktop\mall\server\node_modules\egg-logrotator\app\schedule\rotate_by_file.js next time will execute after 54133921ms at 2019-07-28 00:00:01.000
2019-07-28 12:11:15,212 INFO 4744 [egg-schedule]: register schedule C:\Users\13514\Desktop\mall\server\node_modules\_egg-multipart@2.7.1@egg-multipart\app\schedule\clean_tmpdir.js
2019-07-28 12:11:15,212 INFO 4744 [egg-schedule]: register schedule C:\Users\13514\Desktop\mall\server\node_modules\_egg-logrotator@3.1.0@egg-logrotator\app\schedule\clean_log.js
2019-07-28 12:11:15,212 INFO 4744 [egg-schedule]: register schedule C:\Users\13514\Desktop\mall\server\node_modules\_egg-logrotator@3.1.0@egg-logrotator\app\schedule\rotate_by_file.js
2019-07-28 12:31:54,618 INFO 14908 [egg-schedule]: register schedule C:\Users\13514\Desktop\mall\server\node_modules\egg-multipart\app\schedule\clean_tmpdir.js
2019-07-28 12:31:54,618 INFO 14908 [egg-schedule]: register schedule C:\Users\13514\Desktop\mall\server\node_modules\egg-logrotator\app\schedule\clean_log.js
2019-07-28 12:31:54,618 INFO 14908 [egg-schedule]: register schedule C:\Users\13514\Desktop\mall\server\node_modules\egg-logrotator\app\schedule\rotate_by_file.js
2019-07-28 12:47:20,907 INFO 6064 [egg-schedule]: register schedule C:\Users\13514\Desktop\mall\server\node_modules\egg-multipart\app\schedule\clean_tmpdir.js
2019-07-28 12:47:20,907 INFO 6064 [egg-schedule]: register schedule C:\Users\13514\Desktop\mall\server\node_modules\egg-logrotator\app\schedule\clean_log.js
2019-07-28 12:47:20,907 INFO 6064 [egg-schedule]: register schedule C:\Users\13514\Desktop\mall\server\node_modules\egg-logrotator\app\schedule\rotate_by_file.js
2019-07-28 12:50:46,441 INFO 10924 [egg-schedule]: register schedule C:\Users\13514\Desktop\mall\server\node_modules\egg-multipart\app\schedule\clean_tmpdir.js
2019-07-28 12:50:46,441 INFO 10924 [egg-schedule]: register schedule C:\Users\13514\Desktop\mall\server\node_modules\egg-logrotator\app\schedule\clean_log.js
2019-07-28 12:50:46,441 INFO 10924 [egg-schedule]: register schedule C:\Users\13514\Desktop\mall\server\node_modules\egg-logrotator\app\schedule\rotate_by_file.js
2019-07-28 12:55:48,555 INFO 9088 [egg-schedule]: register schedule C:\Users\13514\Desktop\mall\server\node_modules\_egg-multipart@2.7.1@egg-multipart\app\schedule\clean_tmpdir.js
2019-07-28 12:55:48,556 INFO 9088 [egg-schedule]: register schedule C:\Users\13514\Desktop\mall\server\node_modules\_egg-logrotator@3.1.0@egg-logrotator\app\schedule\clean_log.js
2019-07-28 12:55:48,556 INFO 9088 [egg-schedule]: register schedule C:\Users\13514\Desktop\mall\server\node_modules\_egg-logrotator@3.1.0@egg-logrotator\app\schedule\rotate_by_file.js
2019-07-28 13:03:04,491 INFO 17108 [egg-schedule]: register schedule C:\Users\13514\Desktop\mall\server\node_modules\_egg-multipart@2.7.1@egg-multipart\app\schedule\clean_tmpdir.js
2019-07-28 13:03:04,491 INFO 17108 [egg-schedule]: register schedule C:\Users\13514\Desktop\mall\server\node_modules\_egg-logrotator@3.1.0@egg-logrotator\app\schedule\clean_log.js
2019-07-28 13:03:04,491 INFO 17108 [egg-schedule]: register schedule C:\Users\13514\Desktop\mall\server\node_modules\_egg-logrotator@3.1.0@egg-logrotator\app\schedule\rotate_by_file.js
2019-07-28 13:08:59,221 INFO 2792 [egg-schedule]: register schedule C:\Users\13514\Desktop\mall\server\node_modules\egg-multipart\app\schedule\clean_tmpdir.js
2019-07-28 13:08:59,221 INFO 2792 [egg-schedule]: register schedule C:\Users\13514\Desktop\mall\server\node_modules\egg-logrotator\app\schedule\clean_log.js
2019-07-28 13:08:59,221 INFO 2792 [egg-schedule]: register schedule C:\Users\13514\Desktop\mall\server\node_modules\egg-logrotator\app\schedule\rotate_by_file.js
2019-07-28 20:27:35,699 INFO 5732 [egg-schedule]: register schedule C:\Users\13514\Desktop\mall\server\node_modules\egg-multipart\app\schedule\clean_tmpdir.js
2019-07-28 20:27:35,699 INFO 5732 [egg-schedule]: register schedule C:\Users\13514\Desktop\mall\server\node_modules\egg-logrotator\app\schedule\clean_log.js
2019-07-28 20:27:35,699 INFO 5732 [egg-schedule]: register schedule C:\Users\13514\Desktop\mall\server\node_modules\egg-logrotator\app\schedule\rotate_by_file.js
2019-07-29 23:39:54,979 INFO 14264 [egg-schedule]: register schedule C:\Users\13514\Desktop\mall\server\node_modules\egg-multipart\app\schedule\clean_tmpdir.js
2019-07-29 23:39:54,979 INFO 14264 [egg-schedule]: register schedule C:\Users\13514\Desktop\mall\server\node_modules\egg-logrotator\app\schedule\clean_log.js
2019-07-29 23:39:54,979 INFO 14264 [egg-schedule]: register schedule C:\Users\13514\Desktop\mall\server\node_modules\egg-logrotator\app\schedule\rotate_by_file.js
2019-07-29 23:39:56,459 INFO 7944 [egg-schedule]: register schedule C:\Users\13514\Desktop\mall\server\node_modules\egg-multipart\app\schedule\clean_tmpdir.js
2019-07-29 23:39:56,459 INFO 7944 [egg-schedule]: register schedule C:\Users\13514\Desktop\mall\server\node_modules\egg-logrotator\app\schedule\clean_log.js
2019-07-29 23:39:56,459 INFO 7944 [egg-schedule]: register schedule C:\Users\13514\Desktop\mall\server\node_modules\egg-logrotator\app\schedule\rotate_by_file.js
2019-07-31 15:46:23,731 INFO 10892 [egg-schedule]: register schedule C:\Users\13514\Desktop\mall\server\node_modules\egg-multipart\app\schedule\clean_tmpdir.js
2019-07-31 15:46:23,731 INFO 10892 [egg-schedule]: register schedule C:\Users\13514\Desktop\mall\server\node_modules\egg-logrotator\app\schedule\clean_log.js
2019-07-31 15:46:23,731 INFO 10892 [egg-schedule]: register schedule C:\Users\13514\Desktop\mall\server\node_modules\egg-logrotator\app\schedule\rotate_by_file.js
2019-07-31 15:46:25,004 INFO 3176 [Timer] C:\Users\13514\Desktop\mall\server\node_modules\egg-multipart\app\schedule\clean_tmpdir.js next time will execute after 45815000ms at 2019-08-01 04:30:00.004
2019-07-31 15:46:25,004 INFO 3176 [Timer] C:\Users\13514\Desktop\mall\server\node_modules\egg-logrotator\app\schedule\clean_log.js next time will execute after 29614996ms at 2019-08-01 00:00:00.000
2019-07-31 15:46:25,004 INFO 3176 [Timer] C:\Users\13514\Desktop\mall\server\node_modules\egg-logrotator\app\schedule\rotate_by_file.js next time will execute after 29615996ms at 2019-08-01 00:00:01.000
2019-07-31 15:46:25,623 INFO 10724 [egg-schedule]: register schedule C:\Users\13514\Desktop\mall\server\node_modules\egg-multipart\app\schedule\clean_tmpdir.js
2019-07-31 15:46:25,624 INFO 10724 [egg-schedule]: register schedule C:\Users\13514\Desktop\mall\server\node_modules\egg-logrotator\app\schedule\clean_log.js
2019-07-31 15:46:25,624 INFO 10724 [egg-schedule]: register schedule C:\Users\13514\Desktop\mall\server\node_modules\egg-logrotator\app\schedule\rotate_by_file.js
2019-07-31 15:46:28,938 INFO 7668 [egg-schedule]: register schedule C:\Users\13514\Desktop\mall\server\node_modules\egg-multipart\app\schedule\clean_tmpdir.js
2019-07-31 15:46:28,938 INFO 7668 [egg-schedule]: register schedule C:\Users\13514\Desktop\mall\server\node_modules\egg-logrotator\app\schedule\clean_log.js
2019-07-31 15:46:28,938 INFO 7668 [egg-schedule]: register schedule C:\Users\13514\Desktop\mall\server\node_modules\egg-logrotator\app\schedule\rotate_by_file.js
2019-07-31 15:57:13,669 INFO 4816 [egg-schedule]: register schedule C:\Users\13514\Desktop\mall\server\node_modules\egg-multipart\app\schedule\clean_tmpdir.js
2019-07-31 15:57:13,669 INFO 4816 [egg-schedule]: register schedule C:\Users\13514\Desktop\mall\server\node_modules\egg-logrotator\app\schedule\clean_log.js
2019-07-31 15:57:13,669 INFO 4816 [egg-schedule]: register schedule C:\Users\13514\Desktop\mall\server\node_modules\egg-logrotator\app\schedule\rotate_by_file.js
2019-07-31 15:57:15,722 INFO 13840 [Timer] C:\Users\13514\Desktop\mall\server\node_modules\egg-multipart\app\schedule\clean_tmpdir.js next time will execute after 45164282ms at 2019-08-01 04:30:00.004
2019-07-31 15:57:15,722 INFO 13840 [Timer] C:\Users\13514\Desktop\mall\server\node_modules\egg-logrotator\app\schedule\clean_log.js next time will execute after 28964278ms at 2019-08-01 00:00:00.000
2019-07-31 15:57:15,723 INFO 13840 [Timer] C:\Users\13514\Desktop\mall\server\node_modules\egg-logrotator\app\schedule\rotate_by_file.js next time will execute after 28965278ms at 2019-08-01 00:00:01.000
2019-08-01 16:43:57,787 INFO 15004 [egg-schedule]: register schedule C:\Users\13514\Desktop\mall\server\node_modules\egg-multipart\app\schedule\clean_tmpdir.js
2019-08-01 16:43:57,787 INFO 15004 [egg-schedule]: register schedule C:\Users\13514\Desktop\mall\server\node_modules\egg-logrotator\app\schedule\clean_log.js
2019-08-01 16:43:57,787 INFO 15004 [egg-schedule]: register schedule C:\Users\13514\Desktop\mall\server\node_modules\egg-logrotator\app\schedule\rotate_by_file.js
2019-08-01 16:44:00,836 INFO 13224 [Timer] C:\Users\13514\Desktop\mall\server\node_modules\egg-multipart\app\schedule\clean_tmpdir.js next time will execute after 42359178ms at 2019-08-02 04:30:00.014
2019-08-01 16:44:00,837 INFO 13224 [Timer] C:\Users\13514\Desktop\mall\server\node_modules\egg-logrotator\app\schedule\clean_log.js next time will execute after 26159163ms at 2019-08-02 00:00:00.000
2019-08-01 16:44:00,838 INFO 13224 [Timer] C:\Users\13514\Desktop\mall\server\node_modules\egg-logrotator\app\schedule\rotate_by_file.js next time will execute after 26160162ms at 2019-08-02 00:00:01.000
2019-08-01 18:15:07,569 INFO 12928 [egg-schedule]: register schedule C:\Users\13514\Desktop\mall\server\node_modules\egg-multipart\app\schedule\clean_tmpdir.js
2019-08-01 18:15:07,569 INFO 12928 [egg-schedule]: register schedule C:\Users\13514\Desktop\mall\server\node_modules\egg-logrotator\app\schedule\clean_log.js
2019-08-01 18:15:07,569 INFO 12928 [egg-schedule]: register schedule C:\Users\13514\Desktop\mall\server\node_modules\egg-logrotator\app\schedule\rotate_by_file.js
