2019-04-26 21:53:24,588 INFO 12066 [egg:logger] init all loggers with options: {"dir":"/Users/lp1/Downloads/Vue-shopping-master/egg/logs/server","encoding":"utf8","env":"local","level":"INFO","consoleLevel":"INFO","disableConsoleAfterReady":false,"outputJSON":false,"buffer":true,"appLogName":"server-web.log","coreLogName":"egg-web.log","agentLogName":"egg-agent.log","errorLogName":"common-error.log","coreLogger":{"consoleLevel":"WARN"},"allowDebugAtProd":false,"type":"application"}
2019-04-26 21:53:24,620 INFO 12066 [egg-multipart] stream mode enable
2019-04-26 21:53:24,844 INFO 12066 [egg-mongoose] connecting mongodb://127.0.0.1/shoppingMall
2019-04-26 21:53:25,038 INFO 12066 [egg-static] starting static serve /public/ -> /Users/lp1/Downloads/Vue-shopping-master/egg/app/public
2019-04-26 21:53:25,040 INFO 12066 [egg-security] use methodnoallow middleware
2019-04-26 21:53:25,040 INFO 12066 [egg-security] use noopen middleware
2019-04-26 21:53:25,041 INFO 12066 [egg-security] use nosniff middleware
2019-04-26 21:53:25,041 INFO 12066 [egg-security] use xssProtection middleware
2019-04-26 21:53:25,041 INFO 12066 [egg-security] use xframe middleware
2019-04-26 21:53:25,042 INFO 12066 [egg-security] use dta middleware
2019-04-26 21:53:25,042 INFO 12066 [egg-security] compose 6 middlewares into one security middleware
2019-04-26 21:53:25,054 INFO 12066 [egg:core] dump config after load, 4ms
2019-04-26 21:53:25,056 INFO 12066 [egg-mongoose] starting...
2019-04-26 21:53:25,103 INFO 12066 [egg-watcher:application] watcher start success
2019-04-26 21:53:25,106 INFO 12066 [egg-mongoose] mongodb://127.0.0.1/shoppingMall connected successfully
2019-04-26 21:53:25,113 INFO 12066 [egg-mongoose] instance[0] start successfully
2019-04-26 21:53:25,122 INFO 12066 [egg:core] dump config after ready, 7ms
2019-04-27 08:36:27,825 INFO 6732 [egg:logger] init all loggers with options: {"dir":"C:\\Users\\Administrator\\Desktop\\shop\\server\\logs\\server","encoding":"utf8","env":"local","level":"INFO","consoleLevel":"INFO","disableConsoleAfterReady":false,"outputJSON":false,"buffer":true,"appLogName":"server-web.log","coreLogName":"egg-web.log","agentLogName":"egg-agent.log","errorLogName":"common-error.log","coreLogger":{"consoleLevel":"WARN"},"allowDebugAtProd":false,"type":"application"}
2019-04-27 08:36:27,870 INFO 6732 [egg-multipart] stream mode enable
2019-04-27 08:36:28,159 INFO 6732 [egg-mongoose] connecting mongodb://127.0.0.1/shoppingMall
2019-04-27 08:36:28,444 INFO 6732 [egg-static] starting static serve /public/ -> C:\Users\Administrator\Desktop\shop\server\app\public
2019-04-27 08:36:28,447 INFO 6732 [egg-security] use methodnoallow middleware
2019-04-27 08:36:28,448 INFO 6732 [egg-security] use noopen middleware
2019-04-27 08:36:28,449 INFO 6732 [egg-security] use nosniff middleware
2019-04-27 08:36:28,449 INFO 6732 [egg-security] use xssProtection middleware
2019-04-27 08:36:28,451 INFO 6732 [egg-security] use xframe middleware
2019-04-27 08:36:28,452 INFO 6732 [egg-security] use dta middleware
2019-04-27 08:36:28,452 INFO 6732 [egg-security] compose 6 middlewares into one security middleware
2019-04-27 08:36:28,472 INFO 6732 [egg:core] dump config after load, 5ms
2019-04-27 08:36:28,475 INFO 6732 [egg-mongoose] starting...
2019-04-27 08:36:28,514 INFO 6732 [egg-mongoose] mongodb://127.0.0.1/shoppingMall connected successfully
2019-04-27 08:36:28,522 INFO 6732 [egg-mongoose] instance[0] start successfully
2019-04-27 08:36:28,524 INFO 6732 [egg-watcher:application] watcher start success
2019-04-27 08:36:28,531 INFO 6732 [egg:core] dump config after ready, 6ms
2019-04-27 10:25:49,253 INFO 3124 [egg:logger] init all loggers with options: {"dir":"C:\\Users\\Administrator\\Desktop\\shop\\server\\logs\\server","encoding":"utf8","env":"local","level":"INFO","consoleLevel":"INFO","disableConsoleAfterReady":false,"outputJSON":false,"buffer":true,"appLogName":"server-web.log","coreLogName":"egg-web.log","agentLogName":"egg-agent.log","errorLogName":"common-error.log","coreLogger":{"consoleLevel":"WARN"},"allowDebugAtProd":false,"type":"application"}
2019-04-27 10:25:49,290 INFO 3124 [egg-multipart] stream mode enable
2019-04-27 10:25:49,771 INFO 3124 [egg-mongoose] connecting mongodb://127.0.0.1/shoppingMall
2019-04-27 10:25:50,103 INFO 3124 [egg-static] starting static serve /public/ -> C:\Users\Administrator\Desktop\shop\server\app\public
2019-04-27 10:25:50,106 INFO 3124 [egg-security] use methodnoallow middleware
2019-04-27 10:25:50,106 INFO 3124 [egg-security] use noopen middleware
2019-04-27 10:25:50,107 INFO 3124 [egg-security] use nosniff middleware
2019-04-27 10:25:50,108 INFO 3124 [egg-security] use xssProtection middleware
2019-04-27 10:25:50,109 INFO 3124 [egg-security] use xframe middleware
2019-04-27 10:25:50,110 INFO 3124 [egg-security] use dta middleware
2019-04-27 10:25:50,110 INFO 3124 [egg-security] compose 6 middlewares into one security middleware
2019-04-27 10:25:50,132 INFO 3124 [egg:core] dump config after load, 8ms
2019-04-27 10:25:50,136 INFO 3124 [egg-mongoose] starting...
2019-04-27 10:25:50,176 INFO 3124 [egg-mongoose] mongodb://127.0.0.1/shoppingMall connected successfully
2019-04-27 10:25:50,183 INFO 3124 [egg-mongoose] instance[0] start successfully
2019-04-27 10:25:50,188 INFO 3124 [egg-watcher:application] watcher start success
2019-04-27 10:25:50,198 INFO 3124 [egg:core] dump config after ready, 8ms
2019-04-30 13:56:42,538 INFO 7004 [egg:logger] init all loggers with options: {"dir":"C:\\Users\\Administrator\\Desktop\\shop\\server\\logs\\server","encoding":"utf8","env":"local","level":"INFO","consoleLevel":"INFO","disableConsoleAfterReady":false,"outputJSON":false,"buffer":true,"appLogName":"server-web.log","coreLogName":"egg-web.log","agentLogName":"egg-agent.log","errorLogName":"common-error.log","coreLogger":{"consoleLevel":"WARN"},"allowDebugAtProd":false,"type":"application"}
2019-04-30 13:56:42,574 INFO 7004 [egg-multipart] stream mode enable
2019-04-30 13:56:42,879 INFO 7004 [egg-mongoose] connecting mongodb://127.0.0.1/shoppingMall
2019-04-30 13:56:43,116 INFO 7004 [egg-static] starting static serve /public/ -> C:\Users\Administrator\Desktop\shop\server\app\public
2019-04-30 13:56:43,119 INFO 7004 [egg-security] use methodnoallow middleware
2019-04-30 13:56:43,119 INFO 7004 [egg-security] use noopen middleware
2019-04-30 13:56:43,120 INFO 7004 [egg-security] use nosniff middleware
2019-04-30 13:56:43,121 INFO 7004 [egg-security] use xssProtection middleware
2019-04-30 13:56:43,121 INFO 7004 [egg-security] use xframe middleware
2019-04-30 13:56:43,121 INFO 7004 [egg-security] use dta middleware
2019-04-30 13:56:43,121 INFO 7004 [egg-security] compose 6 middlewares into one security middleware
2019-04-30 13:56:43,339 INFO 7004 [egg:core] dump config after load, 25ms
2019-04-30 13:56:43,347 INFO 7004 [egg-mongoose] starting...
2019-04-30 13:56:43,402 INFO 7004 [egg-watcher:application] watcher start success
2019-04-30 13:56:43,517 INFO 7004 [egg-mongoose] mongodb://127.0.0.1/shoppingMall connected successfully
2019-04-30 13:56:43,538 INFO 7004 [egg-mongoose] instance[0] start successfully
2019-04-30 13:56:43,555 INFO 7004 [egg:core] dump config after ready, 12ms
2019-04-30 14:03:27,941 INFO 1108 [egg:logger] init all loggers with options: {"dir":"C:\\Users\\Administrator\\Desktop\\shop\\server\\logs\\server","encoding":"utf8","env":"local","level":"INFO","consoleLevel":"INFO","disableConsoleAfterReady":false,"outputJSON":false,"buffer":true,"appLogName":"server-web.log","coreLogName":"egg-web.log","agentLogName":"egg-agent.log","errorLogName":"common-error.log","coreLogger":{"consoleLevel":"WARN"},"allowDebugAtProd":false,"type":"application"}
2019-04-30 14:03:27,982 INFO 1108 [egg-multipart] stream mode enable
2019-04-30 14:03:28,494 INFO 1108 [egg-mongoose] connecting mongodb://127.0.0.1/shoppingMall
2019-04-30 14:03:28,868 INFO 1108 [egg-static] starting static serve /public/ -> C:\Users\Administrator\Desktop\shop\server\app\public
2019-04-30 14:03:28,871 INFO 1108 [egg-security] use methodnoallow middleware
2019-04-30 14:03:28,872 INFO 1108 [egg-security] use noopen middleware
2019-04-30 14:03:28,873 INFO 1108 [egg-security] use nosniff middleware
2019-04-30 14:03:28,874 INFO 1108 [egg-security] use xssProtection middleware
2019-04-30 14:03:28,875 INFO 1108 [egg-security] use xframe middleware
2019-04-30 14:03:28,875 INFO 1108 [egg-security] use dta middleware
2019-04-30 14:03:28,875 INFO 1108 [egg-security] compose 6 middlewares into one security middleware
2019-04-30 14:03:28,898 INFO 1108 [egg:core] dump config after load, 5ms
2019-04-30 14:03:28,901 INFO 1108 [egg-mongoose] starting...
2019-04-30 14:03:28,938 INFO 1108 [egg-mongoose] mongodb://127.0.0.1/shoppingMall connected successfully
2019-04-30 14:03:28,945 INFO 1108 [egg-mongoose] instance[0] start successfully
2019-04-30 14:03:28,948 INFO 1108 [egg-watcher:application] watcher start success
2019-04-30 14:03:28,958 INFO 1108 [egg:core] dump config after ready, 7ms
2019-04-30 15:00:05,761 INFO 6380 [egg:logger] init all loggers with options: {"dir":"C:\\Users\\Administrator\\Desktop\\shop\\server\\logs\\server","encoding":"utf8","env":"local","level":"INFO","consoleLevel":"INFO","disableConsoleAfterReady":false,"outputJSON":false,"buffer":true,"appLogName":"server-web.log","coreLogName":"egg-web.log","agentLogName":"egg-agent.log","errorLogName":"common-error.log","coreLogger":{"consoleLevel":"WARN"},"allowDebugAtProd":false,"type":"application"}
2019-04-30 15:00:05,801 INFO 6380 [egg-multipart] stream mode enable
2019-04-30 15:00:06,250 INFO 6380 [egg-mongoose] connecting mongodb://127.0.0.1/shoppingMall
2019-04-30 15:00:06,600 INFO 6380 [egg-static] starting static serve /public/ -> C:\Users\Administrator\Desktop\shop\server\app\public
2019-04-30 15:00:06,603 INFO 6380 [egg-security] use methodnoallow middleware
2019-04-30 15:00:06,603 INFO 6380 [egg-security] use noopen middleware
2019-04-30 15:00:06,604 INFO 6380 [egg-security] use nosniff middleware
2019-04-30 15:00:06,605 INFO 6380 [egg-security] use xssProtection middleware
2019-04-30 15:00:06,605 INFO 6380 [egg-security] use xframe middleware
2019-04-30 15:00:06,606 INFO 6380 [egg-security] use dta middleware
2019-04-30 15:00:06,606 INFO 6380 [egg-security] compose 6 middlewares into one security middleware
2019-04-30 15:00:06,632 INFO 6380 [egg:core] dump config after load, 6ms
2019-04-30 15:00:06,635 INFO 6380 [egg-mongoose] starting...
2019-04-30 15:00:06,674 INFO 6380 [egg-mongoose] mongodb://127.0.0.1/shoppingMall connected successfully
2019-04-30 15:00:06,681 INFO 6380 [egg-mongoose] instance[0] start successfully
2019-04-30 15:00:06,686 INFO 6380 [egg-watcher:application] watcher start success
2019-04-30 15:00:06,693 INFO 6380 [egg:core] dump config after ready, 5ms
2019-04-30 15:01:10,396 INFO 6940 [egg:logger] init all loggers with options: {"dir":"C:\\Users\\Administrator\\Desktop\\shop\\server\\logs\\server","encoding":"utf8","env":"local","level":"INFO","consoleLevel":"INFO","disableConsoleAfterReady":false,"outputJSON":false,"buffer":true,"appLogName":"server-web.log","coreLogName":"egg-web.log","agentLogName":"egg-agent.log","errorLogName":"common-error.log","coreLogger":{"consoleLevel":"WARN"},"allowDebugAtProd":false,"type":"application"}
2019-04-30 15:01:10,434 INFO 6940 [egg-multipart] stream mode enable
2019-04-30 15:01:10,738 INFO 6940 [egg-mongoose] connecting mongodb://127.0.0.1/shoppingMall
2019-04-30 15:01:11,030 INFO 6940 [egg-static] starting static serve /public/ -> C:\Users\Administrator\Desktop\shop\server\app\public
2019-04-30 15:01:11,033 INFO 6940 [egg-security] use methodnoallow middleware
2019-04-30 15:01:11,034 INFO 6940 [egg-security] use noopen middleware
2019-04-30 15:01:11,035 INFO 6940 [egg-security] use nosniff middleware
2019-04-30 15:01:11,036 INFO 6940 [egg-security] use xssProtection middleware
2019-04-30 15:01:11,036 INFO 6940 [egg-security] use xframe middleware
2019-04-30 15:01:11,037 INFO 6940 [egg-security] use dta middleware
2019-04-30 15:01:11,037 INFO 6940 [egg-security] compose 6 middlewares into one security middleware
2019-04-30 15:01:11,070 INFO 6940 [egg:core] dump config after load, 8ms
2019-04-30 15:01:11,073 INFO 6940 [egg-mongoose] starting...
2019-04-30 15:01:11,119 INFO 6940 [egg-mongoose] mongodb://127.0.0.1/shoppingMall connected successfully
2019-04-30 15:01:11,127 INFO 6940 [egg-mongoose] instance[0] start successfully
2019-04-30 15:01:11,132 INFO 6940 [egg-watcher:application] watcher start success
2019-04-30 15:01:11,141 INFO 6940 [egg:core] dump config after ready, 7ms
2019-04-30 15:10:23,263 INFO 1588 [egg:logger] init all loggers with options: {"dir":"C:\\Users\\Administrator\\Desktop\\shop\\server\\logs\\server","encoding":"utf8","env":"local","level":"INFO","consoleLevel":"INFO","disableConsoleAfterReady":false,"outputJSON":false,"buffer":true,"appLogName":"server-web.log","coreLogName":"egg-web.log","agentLogName":"egg-agent.log","errorLogName":"common-error.log","coreLogger":{"consoleLevel":"WARN"},"allowDebugAtProd":false,"type":"application"}
2019-04-30 15:10:23,301 INFO 1588 [egg-multipart] stream mode enable
2019-04-30 15:10:23,661 INFO 1588 [egg-mongoose] connecting mongodb://127.0.0.1/shoppingMall
2019-04-30 15:10:23,886 INFO 1588 [egg-static] starting static serve /public/ -> C:\Users\Administrator\Desktop\shop\server\app\public
2019-04-30 15:10:23,888 INFO 1588 [egg-security] use methodnoallow middleware
2019-04-30 15:10:23,889 INFO 1588 [egg-security] use noopen middleware
2019-04-30 15:10:23,890 INFO 1588 [egg-security] use nosniff middleware
2019-04-30 15:10:23,890 INFO 1588 [egg-security] use xssProtection middleware
2019-04-30 15:10:23,891 INFO 1588 [egg-security] use xframe middleware
2019-04-30 15:10:23,891 INFO 1588 [egg-security] use dta middleware
2019-04-30 15:10:23,891 INFO 1588 [egg-security] compose 6 middlewares into one security middleware
2019-04-30 15:10:23,915 INFO 1588 [egg:core] dump config after load, 6ms
2019-04-30 15:10:23,918 INFO 1588 [egg-mongoose] starting...
2019-04-30 15:10:23,966 INFO 1588 [egg-mongoose] mongodb://127.0.0.1/shoppingMall connected successfully
2019-04-30 15:10:23,973 INFO 1588 [egg-mongoose] instance[0] start successfully
2019-04-30 15:10:23,975 INFO 1588 [egg-watcher:application] watcher start success
2019-04-30 15:10:23,985 INFO 1588 [egg:core] dump config after ready, 6ms
2019-04-30 16:00:34,873 INFO 2516 [egg:logger] init all loggers with options: {"dir":"C:\\Users\\Administrator\\Desktop\\shop\\server\\logs\\server","encoding":"utf8","env":"local","level":"INFO","consoleLevel":"INFO","disableConsoleAfterReady":false,"outputJSON":false,"buffer":true,"appLogName":"server-web.log","coreLogName":"egg-web.log","agentLogName":"egg-agent.log","errorLogName":"common-error.log","coreLogger":{"consoleLevel":"WARN"},"allowDebugAtProd":false,"type":"application"}
2019-04-30 16:00:34,907 INFO 2516 [egg-multipart] stream mode enable
2019-04-30 16:00:35,337 INFO 2516 [egg-mongoose] connecting mongodb://127.0.0.1/shoppingMall
2019-04-30 16:00:35,694 INFO 2516 [egg-static] starting static serve /public/ -> C:\Users\Administrator\Desktop\shop\server\app\public
2019-04-30 16:00:35,696 INFO 2516 [egg-security] use methodnoallow middleware
2019-04-30 16:00:35,697 INFO 2516 [egg-security] use noopen middleware
2019-04-30 16:00:35,698 INFO 2516 [egg-security] use nosniff middleware
2019-04-30 16:00:35,699 INFO 2516 [egg-security] use xssProtection middleware
2019-04-30 16:00:35,699 INFO 2516 [egg-security] use xframe middleware
2019-04-30 16:00:35,700 INFO 2516 [egg-security] use dta middleware
2019-04-30 16:00:35,700 INFO 2516 [egg-security] compose 6 middlewares into one security middleware
2019-04-30 16:00:35,724 INFO 2516 [egg:core] dump config after load, 6ms
2019-04-30 16:00:35,728 INFO 2516 [egg-mongoose] starting...
2019-04-30 16:00:35,778 INFO 2516 [egg-mongoose] mongodb://127.0.0.1/shoppingMall connected successfully
2019-04-30 16:00:35,785 INFO 2516 [egg-mongoose] instance[0] start successfully
2019-04-30 16:00:35,787 INFO 2516 [egg-watcher:application] watcher start success
2019-04-30 16:00:35,797 INFO 2516 [egg:core] dump config after ready, 7ms
2019-04-30 16:27:58,964 INFO 1652 [egg:logger] init all loggers with options: {"dir":"C:\\Users\\Administrator\\Desktop\\shop\\server\\logs\\server","encoding":"utf8","env":"local","level":"INFO","consoleLevel":"INFO","disableConsoleAfterReady":false,"outputJSON":false,"buffer":true,"appLogName":"server-web.log","coreLogName":"egg-web.log","agentLogName":"egg-agent.log","errorLogName":"common-error.log","coreLogger":{"consoleLevel":"WARN"},"allowDebugAtProd":false,"type":"application"}
2019-04-30 16:27:59,004 INFO 1652 [egg-multipart] stream mode enable
2019-04-30 16:27:59,447 INFO 1652 [egg-mongoose] connecting mongodb://127.0.0.1/shoppingMall
2019-04-30 16:27:59,766 INFO 1652 [egg-static] starting static serve /public/ -> C:\Users\Administrator\Desktop\shop\server\app\public
2019-04-30 16:27:59,768 INFO 1652 [egg-security] use methodnoallow middleware
2019-04-30 16:27:59,769 INFO 1652 [egg-security] use noopen middleware
2019-04-30 16:27:59,770 INFO 1652 [egg-security] use nosniff middleware
2019-04-30 16:27:59,770 INFO 1652 [egg-security] use xssProtection middleware
2019-04-30 16:27:59,771 INFO 1652 [egg-security] use xframe middleware
2019-04-30 16:27:59,771 INFO 1652 [egg-security] use dta middleware
2019-04-30 16:27:59,771 INFO 1652 [egg-security] compose 6 middlewares into one security middleware
2019-04-30 16:27:59,791 INFO 1652 [egg:core] dump config after load, 7ms
2019-04-30 16:27:59,795 INFO 1652 [egg-mongoose] starting...
2019-04-30 16:27:59,855 INFO 1652 [egg-mongoose] mongodb://127.0.0.1/shoppingMall connected successfully
2019-04-30 16:27:59,867 INFO 1652 [egg-mongoose] instance[0] start successfully
2019-04-30 16:27:59,872 INFO 1652 [egg-watcher:application] watcher start success
2019-04-30 16:27:59,891 INFO 1652 [egg:core] dump config after ready, 17ms
2019-05-08 11:13:01,282 INFO 7920 [egg:logger] init all loggers with options: {"dir":"C:\\Users\\Administrator\\Desktop\\shop\\server\\logs\\server","encoding":"utf8","env":"local","level":"INFO","consoleLevel":"INFO","disableConsoleAfterReady":false,"outputJSON":false,"buffer":true,"appLogName":"server-web.log","coreLogName":"egg-web.log","agentLogName":"egg-agent.log","errorLogName":"common-error.log","coreLogger":{"consoleLevel":"WARN"},"allowDebugAtProd":false,"type":"application"}
2019-05-08 11:13:01,317 INFO 7920 [egg-multipart] stream mode enable
2019-05-08 11:13:01,786 INFO 7920 [egg-mongoose] connecting mongodb://127.0.0.1/shoppingMall
2019-05-08 11:13:02,170 INFO 7920 [egg-static] starting static serve /public/ -> C:\Users\Administrator\Desktop\shop\server\app\public
2019-05-08 11:13:02,173 INFO 7920 [egg-security] use methodnoallow middleware
2019-05-08 11:13:02,174 INFO 7920 [egg-security] use noopen middleware
2019-05-08 11:13:02,175 INFO 7920 [egg-security] use nosniff middleware
2019-05-08 11:13:02,176 INFO 7920 [egg-security] use xssProtection middleware
2019-05-08 11:13:02,176 INFO 7920 [egg-security] use xframe middleware
2019-05-08 11:13:02,177 INFO 7920 [egg-security] use dta middleware
2019-05-08 11:13:02,177 INFO 7920 [egg-security] compose 6 middlewares into one security middleware
2019-05-08 11:13:02,203 INFO 7920 [egg:core] dump config after load, 7ms
2019-05-08 11:13:02,205 INFO 7920 [egg-mongoose] starting...
2019-05-08 11:13:02,244 INFO 7920 [egg-mongoose] mongodb://127.0.0.1/shoppingMall connected successfully
2019-05-08 11:13:02,251 INFO 7920 [egg-mongoose] instance[0] start successfully
2019-05-08 11:13:02,253 INFO 7920 [egg-watcher:application] watcher start success
2019-05-08 11:13:02,265 INFO 7920 [egg:core] dump config after ready, 9ms
2019-05-08 16:19:35,343 INFO 6608 [egg:logger] init all loggers with options: {"dir":"C:\\Users\\Administrator\\Desktop\\shop\\server\\logs\\server","encoding":"utf8","env":"local","level":"INFO","consoleLevel":"INFO","disableConsoleAfterReady":false,"outputJSON":false,"buffer":true,"appLogName":"server-web.log","coreLogName":"egg-web.log","agentLogName":"egg-agent.log","errorLogName":"common-error.log","coreLogger":{"consoleLevel":"WARN"},"allowDebugAtProd":false,"type":"application"}
2019-05-08 16:19:35,395 INFO 6608 [egg-multipart] stream mode enable
2019-05-08 16:19:36,206 INFO 6608 [egg-mongoose] connecting mongodb://127.0.0.1/shoppingMall
2019-05-08 16:19:36,761 INFO 6608 [egg-static] starting static serve /public/ -> C:\Users\Administrator\Desktop\shop\server\app\public
2019-05-08 16:19:36,765 INFO 6608 [egg-security] use methodnoallow middleware
2019-05-08 16:19:36,765 INFO 6608 [egg-security] use noopen middleware
2019-05-08 16:19:36,767 INFO 6608 [egg-security] use nosniff middleware
2019-05-08 16:19:36,767 INFO 6608 [egg-security] use xssProtection middleware
2019-05-08 16:19:36,768 INFO 6608 [egg-security] use xframe middleware
2019-05-08 16:19:36,769 INFO 6608 [egg-security] use dta middleware
2019-05-08 16:19:36,769 INFO 6608 [egg-security] compose 6 middlewares into one security middleware
2019-05-08 16:19:36,812 INFO 6608 [egg:core] dump config after load, 17ms
2019-05-08 16:19:36,816 INFO 6608 [egg-mongoose] starting...
2019-05-08 16:19:36,882 INFO 6608 [egg-mongoose] mongodb://127.0.0.1/shoppingMall connected successfully
2019-05-08 16:19:36,894 INFO 6608 [egg-mongoose] instance[0] start successfully
2019-05-08 16:19:36,897 INFO 6608 [egg-watcher:application] watcher start success
2019-05-08 16:19:36,916 INFO 6608 [egg:core] dump config after ready, 14ms
2019-05-10 08:53:01,754 INFO 3636 [egg:logger] init all loggers with options: {"dir":"C:\\Users\\Administrator\\Desktop\\shop\\server\\logs\\server","encoding":"utf8","env":"local","level":"INFO","consoleLevel":"INFO","disableConsoleAfterReady":false,"outputJSON":false,"buffer":true,"appLogName":"server-web.log","coreLogName":"egg-web.log","agentLogName":"egg-agent.log","errorLogName":"common-error.log","coreLogger":{"consoleLevel":"WARN"},"allowDebugAtProd":false,"type":"application"}
2019-05-10 08:53:01,791 INFO 3636 [egg-multipart] stream mode enable
2019-05-10 08:53:02,221 INFO 3636 [egg-mongoose] connecting mongodb://127.0.0.1/shoppingMall
2019-05-10 08:53:02,558 INFO 3636 [egg-static] starting static serve /public/ -> C:\Users\Administrator\Desktop\shop\server\app\public
2019-05-10 08:53:02,566 INFO 3636 [egg-security] use methodnoallow middleware
2019-05-10 08:53:02,567 INFO 3636 [egg-security] use noopen middleware
2019-05-10 08:53:02,568 INFO 3636 [egg-security] use nosniff middleware
2019-05-10 08:53:02,569 INFO 3636 [egg-security] use xssProtection middleware
2019-05-10 08:53:02,569 INFO 3636 [egg-security] use xframe middleware
2019-05-10 08:53:02,570 INFO 3636 [egg-security] use dta middleware
2019-05-10 08:53:02,570 INFO 3636 [egg-security] compose 6 middlewares into one security middleware
2019-05-10 08:53:02,592 INFO 3636 [egg:core] dump config after load, 5ms
2019-05-10 08:53:02,596 INFO 3636 [egg-mongoose] starting...
2019-05-10 08:53:02,634 INFO 3636 [egg-watcher:application] watcher start success
2019-05-10 08:53:02,638 INFO 3636 [egg-mongoose] mongodb://127.0.0.1/shoppingMall connected successfully
2019-05-10 08:53:02,645 INFO 3636 [egg-mongoose] instance[0] start successfully
2019-05-10 08:53:02,651 INFO 3636 [egg:core] dump config after ready, 5ms
2019-05-10 08:53:17,447 INFO 7048 [egg:logger] init all loggers with options: {"dir":"C:\\Users\\Administrator\\Desktop\\shop\\server\\logs\\server","encoding":"utf8","env":"local","level":"INFO","consoleLevel":"INFO","disableConsoleAfterReady":false,"outputJSON":false,"buffer":true,"appLogName":"server-web.log","coreLogName":"egg-web.log","agentLogName":"egg-agent.log","errorLogName":"common-error.log","coreLogger":{"consoleLevel":"WARN"},"allowDebugAtProd":false,"type":"application"}
2019-05-10 08:53:17,484 INFO 7048 [egg-multipart] stream mode enable
2019-05-10 08:53:17,774 INFO 7048 [egg-mongoose] connecting mongodb://127.0.0.1/shoppingMall
2019-05-10 08:53:18,005 INFO 7048 [egg-static] starting static serve /public/ -> C:\Users\Administrator\Desktop\shop\server\app\public
2019-05-10 08:53:18,008 INFO 7048 [egg-security] use methodnoallow middleware
2019-05-10 08:53:18,008 INFO 7048 [egg-security] use noopen middleware
2019-05-10 08:53:18,009 INFO 7048 [egg-security] use nosniff middleware
2019-05-10 08:53:18,009 INFO 7048 [egg-security] use xssProtection middleware
2019-05-10 08:53:18,010 INFO 7048 [egg-security] use xframe middleware
2019-05-10 08:53:18,010 INFO 7048 [egg-security] use dta middleware
2019-05-10 08:53:18,010 INFO 7048 [egg-security] compose 6 middlewares into one security middleware
2019-05-10 08:53:18,028 INFO 7048 [egg:core] dump config after load, 6ms
2019-05-10 08:53:18,030 INFO 7048 [egg-mongoose] starting...
2019-05-10 08:53:18,066 INFO 7048 [egg-mongoose] mongodb://127.0.0.1/shoppingMall connected successfully
2019-05-10 08:53:18,073 INFO 7048 [egg-mongoose] instance[0] start successfully
2019-05-10 08:53:18,075 INFO 7048 [egg-watcher:application] watcher start success
2019-05-10 08:53:18,087 INFO 7048 [egg:core] dump config after ready, 6ms
2019-07-01 09:48:43,781 INFO 404 [egg:logger] init all loggers with options: {"dir":"C:\\Users\\Administrator\\Desktop\\vue商城项目\\server\\logs\\server","encoding":"utf8","env":"local","level":"INFO","consoleLevel":"INFO","disableConsoleAfterReady":false,"outputJSON":false,"buffer":true,"appLogName":"server-web.log","coreLogName":"egg-web.log","agentLogName":"egg-agent.log","errorLogName":"common-error.log","coreLogger":{"consoleLevel":"WARN"},"allowDebugAtProd":false,"type":"application"}
2019-07-01 09:48:43,808 INFO 404 [egg-multipart] stream mode enable
2019-07-01 09:48:44,102 INFO 404 [egg-mongoose] connecting mongodb://127.0.0.1/shoppingMall
2019-07-01 09:48:44,329 INFO 404 [egg-static] starting static serve /public/ -> C:\Users\Administrator\Desktop\vue商城项目\server\app\public
2019-07-01 09:48:44,332 INFO 404 [egg-security] use methodnoallow middleware
2019-07-01 09:48:44,333 INFO 404 [egg-security] use noopen middleware
2019-07-01 09:48:44,333 INFO 404 [egg-security] use nosniff middleware
2019-07-01 09:48:44,334 INFO 404 [egg-security] use xssProtection middleware
2019-07-01 09:48:44,335 INFO 404 [egg-security] use xframe middleware
2019-07-01 09:48:44,335 INFO 404 [egg-security] use dta middleware
2019-07-01 09:48:44,335 INFO 404 [egg-security] compose 6 middlewares into one security middleware
2019-07-01 09:48:44,360 INFO 404 [egg:core] dump config after load, 9ms
2019-07-01 09:48:44,363 INFO 404 [egg-mongoose] starting...
2019-07-01 09:48:44,412 INFO 404 [egg-mongoose] mongodb://127.0.0.1/shoppingMall connected successfully
2019-07-01 09:48:44,420 INFO 404 [egg-mongoose] instance[0] start successfully
2019-07-01 09:48:44,423 INFO 404 [egg-watcher:application] watcher start success
2019-07-01 09:48:44,436 INFO 404 [egg:core] dump config after ready, 11ms
2019-07-03 14:42:37,659 INFO 9404 [egg:logger] init all loggers with options: {"dir":"C:\\Users\\Administrator\\Desktop\\vue商城项目\\server\\logs\\server","encoding":"utf8","env":"local","level":"INFO","consoleLevel":"INFO","disableConsoleAfterReady":false,"outputJSON":false,"buffer":true,"appLogName":"server-web.log","coreLogName":"egg-web.log","agentLogName":"egg-agent.log","errorLogName":"common-error.log","coreLogger":{"consoleLevel":"WARN"},"allowDebugAtProd":false,"type":"application"}
2019-07-03 14:42:37,688 INFO 9404 [egg-multipart] stream mode enable
2019-07-03 14:42:38,256 INFO 9404 [egg-mongoose] connecting mongodb://127.0.0.1/shoppingMall
2019-07-03 14:42:38,818 INFO 9404 [egg-static] starting static serve /public/ -> C:\Users\Administrator\Desktop\vue商城项目\server\app\public
2019-07-03 14:42:38,824 INFO 9404 [egg-security] use methodnoallow middleware
2019-07-03 14:42:38,826 INFO 9404 [egg-security] use noopen middleware
2019-07-03 14:42:38,827 INFO 9404 [egg-security] use nosniff middleware
2019-07-03 14:42:38,829 INFO 9404 [egg-security] use xssProtection middleware
2019-07-03 14:42:38,829 INFO 9404 [egg-security] use xframe middleware
2019-07-03 14:42:38,831 INFO 9404 [egg-security] use dta middleware
2019-07-03 14:42:38,831 INFO 9404 [egg-security] compose 6 middlewares into one security middleware
2019-07-03 14:42:38,873 INFO 9404 [egg:core] dump config after load, 11ms
2019-07-03 14:42:38,882 INFO 9404 [egg-mongoose] starting...
2019-07-03 14:42:38,939 INFO 9404 [egg-mongoose] mongodb://127.0.0.1/shoppingMall connected successfully
2019-07-03 14:42:38,946 INFO 9404 [egg-mongoose] instance[0] start successfully
2019-07-03 14:42:38,949 INFO 9404 [egg-watcher:application] watcher start success
2019-07-03 14:42:38,962 INFO 9404 [egg:core] dump config after ready, 8ms
2019-07-03 15:24:23,550 INFO 10252 [egg:logger] init all loggers with options: {"dir":"C:\\Users\\Administrator\\Desktop\\vue商城项目\\server\\logs\\server","encoding":"utf8","env":"local","level":"INFO","consoleLevel":"INFO","disableConsoleAfterReady":false,"outputJSON":false,"buffer":true,"appLogName":"server-web.log","coreLogName":"egg-web.log","agentLogName":"egg-agent.log","errorLogName":"common-error.log","coreLogger":{"consoleLevel":"WARN"},"allowDebugAtProd":false,"type":"application"}
2019-07-03 15:24:23,579 INFO 10252 [egg-multipart] stream mode enable
2019-07-03 15:24:24,217 INFO 10252 [egg-mongoose] connecting mongodb://127.0.0.1/shoppingMall
2019-07-03 15:24:24,649 INFO 10252 [egg-static] starting static serve /public/ -> C:\Users\Administrator\Desktop\vue商城项目\server\app\public
2019-07-03 15:24:24,652 INFO 10252 [egg-security] use methodnoallow middleware
2019-07-03 15:24:24,653 INFO 10252 [egg-security] use noopen middleware
2019-07-03 15:24:24,654 INFO 10252 [egg-security] use nosniff middleware
2019-07-03 15:24:24,655 INFO 10252 [egg-security] use xssProtection middleware
2019-07-03 15:24:24,656 INFO 10252 [egg-security] use xframe middleware
2019-07-03 15:24:24,656 INFO 10252 [egg-security] use dta middleware
2019-07-03 15:24:24,656 INFO 10252 [egg-security] compose 6 middlewares into one security middleware
2019-07-03 15:24:24,684 INFO 10252 [egg:core] dump config after load, 7ms
2019-07-03 15:24:24,687 INFO 10252 [egg-mongoose] starting...
2019-07-03 15:24:24,727 INFO 10252 [egg-mongoose] mongodb://127.0.0.1/shoppingMall connected successfully
2019-07-03 15:24:24,735 INFO 10252 [egg-mongoose] instance[0] start successfully
2019-07-03 15:24:24,737 INFO 10252 [egg-watcher:application] watcher start success
2019-07-03 15:24:24,748 INFO 10252 [egg:core] dump config after ready, 7ms
2019-07-15 09:34:58,195 INFO 6168 [egg:logger] init all loggers with options: {"dir":"C:\\Users\\Administrator\\Desktop\\mall\\server\\logs\\server","encoding":"utf8","env":"local","level":"INFO","consoleLevel":"INFO","disableConsoleAfterReady":false,"outputJSON":false,"buffer":true,"appLogName":"server-web.log","coreLogName":"egg-web.log","agentLogName":"egg-agent.log","errorLogName":"common-error.log","coreLogger":{"consoleLevel":"WARN"},"allowDebugAtProd":false,"type":"application"}
2019-07-15 09:34:58,245 INFO 6168 [egg-multipart] stream mode enable
2019-07-15 09:34:58,956 INFO 6168 [egg-mongoose] connecting mongodb://127.0.0.1/shoppingMall
2019-07-15 09:34:59,562 INFO 6168 [egg-static] starting static serve /public/ -> C:\Users\Administrator\Desktop\mall\server\app\public
2019-07-15 09:34:59,567 INFO 6168 [egg-security] use methodnoallow middleware
2019-07-15 09:34:59,569 INFO 6168 [egg-security] use noopen middleware
2019-07-15 09:34:59,576 INFO 6168 [egg-security] use nosniff middleware
2019-07-15 09:34:59,579 INFO 6168 [egg-security] use xssProtection middleware
2019-07-15 09:34:59,580 INFO 6168 [egg-security] use xframe middleware
2019-07-15 09:34:59,581 INFO 6168 [egg-security] use dta middleware
2019-07-15 09:34:59,581 INFO 6168 [egg-security] compose 6 middlewares into one security middleware
2019-07-15 09:34:59,616 INFO 6168 [egg:core] dump config after load, 6ms
2019-07-15 09:34:59,618 INFO 6168 [egg-mongoose] starting...
2019-07-15 09:34:59,668 INFO 6168 [egg-mongoose] mongodb://127.0.0.1/shoppingMall connected successfully
2019-07-15 09:34:59,682 INFO 6168 [egg-mongoose] instance[0] start successfully
2019-07-15 09:34:59,684 INFO 6168 [egg-watcher:application] watcher start success
2019-07-15 09:34:59,694 INFO 6168 [egg:core] dump config after ready, 6ms
2019-07-17 08:33:40,052 INFO 4056 [egg:logger] init all loggers with options: {"dir":"C:\\Users\\Administrator\\Desktop\\mall\\server\\logs\\server","encoding":"utf8","env":"local","level":"INFO","consoleLevel":"INFO","disableConsoleAfterReady":false,"outputJSON":false,"buffer":true,"appLogName":"server-web.log","coreLogName":"egg-web.log","agentLogName":"egg-agent.log","errorLogName":"common-error.log","coreLogger":{"consoleLevel":"WARN"},"allowDebugAtProd":false,"type":"application"}
2019-07-17 08:33:40,089 INFO 4056 [egg-multipart] stream mode enable
2019-07-17 08:33:40,859 INFO 4056 [egg-mongoose] connecting mongodb://127.0.0.1/shoppingMall
2019-07-17 08:33:41,420 INFO 4056 [egg-static] starting static serve /public/ -> C:\Users\Administrator\Desktop\mall\server\app\public
2019-07-17 08:33:41,425 INFO 4056 [egg-security] use methodnoallow middleware
2019-07-17 08:33:41,426 INFO 4056 [egg-security] use noopen middleware
2019-07-17 08:33:41,428 INFO 4056 [egg-security] use nosniff middleware
2019-07-17 08:33:41,429 INFO 4056 [egg-security] use xssProtection middleware
2019-07-17 08:33:41,430 INFO 4056 [egg-security] use xframe middleware
2019-07-17 08:33:41,431 INFO 4056 [egg-security] use dta middleware
2019-07-17 08:33:41,431 INFO 4056 [egg-security] compose 6 middlewares into one security middleware
2019-07-17 08:33:41,463 INFO 4056 [egg:core] dump config after load, 5ms
2019-07-17 08:33:41,467 INFO 4056 [egg-mongoose] starting...
2019-07-17 08:33:41,529 INFO 4056 [egg-mongoose] mongodb://127.0.0.1/shoppingMall connected successfully
2019-07-17 08:33:41,537 INFO 4056 [egg-mongoose] instance[0] start successfully
2019-07-17 08:33:41,542 INFO 4056 [egg-watcher:application] watcher start success
2019-07-17 08:33:41,555 INFO 4056 [egg:core] dump config after ready, 7ms
2019-07-17 10:14:38,869 INFO 2696 [egg:logger] init all loggers with options: {"dir":"C:\\Users\\Administrator\\Desktop\\mall\\server\\logs\\server","encoding":"utf8","env":"local","level":"INFO","consoleLevel":"INFO","disableConsoleAfterReady":false,"outputJSON":false,"buffer":true,"appLogName":"server-web.log","coreLogName":"egg-web.log","agentLogName":"egg-agent.log","errorLogName":"common-error.log","coreLogger":{"consoleLevel":"WARN"},"allowDebugAtProd":false,"type":"application"}
2019-07-17 10:14:38,908 INFO 2696 [egg-multipart] stream mode enable
2019-07-17 10:14:39,699 INFO 2696 [egg-mongoose] connecting mongodb://127.0.0.1/shoppingMall
2019-07-17 10:14:40,236 INFO 2696 [egg-static] starting static serve /public/ -> C:\Users\Administrator\Desktop\mall\server\app\public
2019-07-17 10:14:40,242 INFO 2696 [egg-security] use methodnoallow middleware
2019-07-17 10:14:40,243 INFO 2696 [egg-security] use noopen middleware
2019-07-17 10:14:40,244 INFO 2696 [egg-security] use nosniff middleware
2019-07-17 10:14:40,245 INFO 2696 [egg-security] use xssProtection middleware
2019-07-17 10:14:40,246 INFO 2696 [egg-security] use xframe middleware
2019-07-17 10:14:40,246 INFO 2696 [egg-security] use dta middleware
2019-07-17 10:14:40,246 INFO 2696 [egg-security] compose 6 middlewares into one security middleware
2019-07-17 10:14:40,280 INFO 2696 [egg:core] dump config after load, 8ms
2019-07-17 10:14:40,282 INFO 2696 [egg-mongoose] starting...
2019-07-17 10:14:40,336 INFO 2696 [egg-mongoose] mongodb://127.0.0.1/shoppingMall connected successfully
2019-07-17 10:14:40,344 INFO 2696 [egg-mongoose] instance[0] start successfully
2019-07-17 10:14:40,346 INFO 2696 [egg-watcher:application] watcher start success
2019-07-17 10:14:40,356 INFO 2696 [egg:core] dump config after ready, 6ms
2019-07-17 10:27:22,271 INFO 2984 [egg:logger] init all loggers with options: {"dir":"C:\\Users\\Administrator\\Desktop\\mall\\server\\logs\\server","encoding":"utf8","env":"local","level":"INFO","consoleLevel":"INFO","disableConsoleAfterReady":false,"outputJSON":false,"buffer":true,"appLogName":"server-web.log","coreLogName":"egg-web.log","agentLogName":"egg-agent.log","errorLogName":"common-error.log","coreLogger":{"consoleLevel":"WARN"},"allowDebugAtProd":false,"type":"application"}
2019-07-17 10:27:22,313 INFO 2984 [egg-multipart] stream mode enable
2019-07-17 10:27:23,150 INFO 2984 [egg-mongoose] connecting mongodb://127.0.0.1/shoppingMall
2019-07-17 10:27:23,790 INFO 2984 [egg-static] starting static serve /public/ -> C:\Users\Administrator\Desktop\mall\server\app\public
2019-07-17 10:27:23,803 INFO 2984 [egg-security] use methodnoallow middleware
2019-07-17 10:27:23,804 INFO 2984 [egg-security] use noopen middleware
2019-07-17 10:27:23,807 INFO 2984 [egg-security] use nosniff middleware
2019-07-17 10:27:23,808 INFO 2984 [egg-security] use xssProtection middleware
2019-07-17 10:27:23,815 INFO 2984 [egg-security] use xframe middleware
2019-07-17 10:27:23,815 INFO 2984 [egg-security] use dta middleware
2019-07-17 10:27:23,815 INFO 2984 [egg-security] compose 6 middlewares into one security middleware
2019-07-17 10:27:23,852 INFO 2984 [egg:core] dump config after load, 7ms
2019-07-17 10:27:23,854 INFO 2984 [egg-mongoose] starting...
2019-07-17 10:27:23,908 INFO 2984 [egg-mongoose] mongodb://127.0.0.1/shoppingMall connected successfully
2019-07-17 10:27:23,916 INFO 2984 [egg-mongoose] instance[0] start successfully
2019-07-17 10:27:23,917 INFO 2984 [egg-watcher:application] watcher start success
2019-07-17 10:27:23,932 INFO 2984 [egg:core] dump config after ready, 10ms
2019-07-17 17:05:02,091 INFO 4656 [egg:logger] init all loggers with options: {"dir":"C:\\Users\\Administrator\\Desktop\\mall\\server\\logs\\server","encoding":"utf8","env":"local","level":"INFO","consoleLevel":"INFO","disableConsoleAfterReady":false,"outputJSON":false,"buffer":true,"appLogName":"server-web.log","coreLogName":"egg-web.log","agentLogName":"egg-agent.log","errorLogName":"common-error.log","coreLogger":{"consoleLevel":"WARN"},"allowDebugAtProd":false,"type":"application"}
2019-07-17 17:05:02,153 INFO 4656 [egg-multipart] stream mode enable
2019-07-17 17:05:04,025 INFO 4656 [egg-mongoose] connecting mongodb://127.0.0.1/shoppingMall
2019-07-17 17:05:04,793 INFO 4656 [egg-static] starting static serve /public/ -> C:\Users\Administrator\Desktop\mall\server\app\public
2019-07-17 17:05:04,797 INFO 4656 [egg-security] use methodnoallow middleware
2019-07-17 17:05:04,799 INFO 4656 [egg-security] use noopen middleware
2019-07-17 17:05:04,801 INFO 4656 [egg-security] use nosniff middleware
2019-07-17 17:05:04,802 INFO 4656 [egg-security] use xssProtection middleware
2019-07-17 17:05:04,803 INFO 4656 [egg-security] use xframe middleware
2019-07-17 17:05:04,804 INFO 4656 [egg-security] use dta middleware
2019-07-17 17:05:04,804 INFO 4656 [egg-security] compose 6 middlewares into one security middleware
2019-07-17 17:05:04,845 INFO 4656 [egg:core] dump config after load, 7ms
2019-07-17 17:05:04,849 INFO 4656 [egg-mongoose] starting...
2019-07-17 17:05:04,925 INFO 4656 [egg-mongoose] mongodb://127.0.0.1/shoppingMall connected successfully
2019-07-17 17:05:04,938 INFO 4656 [egg-mongoose] instance[0] start successfully
2019-07-17 17:05:04,941 INFO 4656 [egg-watcher:application] watcher start success
2019-07-17 17:05:04,969 INFO 4656 [egg:core] dump config after ready, 16ms
2019-07-17 17:15:27,793 INFO 652 [egg:logger] init all loggers with options: {"dir":"C:\\Users\\Administrator\\Desktop\\mall\\server\\logs\\server","encoding":"utf8","env":"local","level":"INFO","consoleLevel":"INFO","disableConsoleAfterReady":false,"outputJSON":false,"buffer":true,"appLogName":"server-web.log","coreLogName":"egg-web.log","agentLogName":"egg-agent.log","errorLogName":"common-error.log","coreLogger":{"consoleLevel":"WARN"},"allowDebugAtProd":false,"type":"application"}
2019-07-17 17:15:27,837 INFO 652 [egg-multipart] stream mode enable
2019-07-17 17:15:28,608 INFO 652 [egg-mongoose] connecting mongodb://127.0.0.1/shoppingMall
2019-07-17 17:15:29,233 INFO 652 [egg-static] starting static serve /public/ -> C:\Users\Administrator\Desktop\mall\server\app\public
2019-07-17 17:15:29,237 INFO 652 [egg-security] use methodnoallow middleware
2019-07-17 17:15:29,239 INFO 652 [egg-security] use noopen middleware
2019-07-17 17:15:29,241 INFO 652 [egg-security] use nosniff middleware
2019-07-17 17:15:29,242 INFO 652 [egg-security] use xssProtection middleware
2019-07-17 17:15:29,243 INFO 652 [egg-security] use xframe middleware
2019-07-17 17:15:29,244 INFO 652 [egg-security] use dta middleware
2019-07-17 17:15:29,244 INFO 652 [egg-security] compose 6 middlewares into one security middleware
2019-07-17 17:15:29,278 INFO 652 [egg:core] dump config after load, 6ms
2019-07-17 17:15:29,281 INFO 652 [egg-mongoose] starting...
2019-07-17 17:15:29,340 INFO 652 [egg-mongoose] mongodb://127.0.0.1/shoppingMall connected successfully
2019-07-17 17:15:29,352 INFO 652 [egg-mongoose] instance[0] start successfully
2019-07-17 17:15:29,358 INFO 652 [egg-watcher:application] watcher start success
2019-07-17 17:15:29,373 INFO 652 [egg:core] dump config after ready, 8ms
2019-07-18 11:21:35,563 INFO 6036 [egg:logger] init all loggers with options: {"dir":"C:\\Users\\Administrator\\Desktop\\mall\\server\\logs\\server","encoding":"utf8","env":"local","level":"INFO","consoleLevel":"INFO","disableConsoleAfterReady":false,"outputJSON":false,"buffer":true,"appLogName":"server-web.log","coreLogName":"egg-web.log","agentLogName":"egg-agent.log","errorLogName":"common-error.log","coreLogger":{"consoleLevel":"WARN"},"allowDebugAtProd":false,"type":"application"}
2019-07-18 11:21:35,623 INFO 6036 [egg-multipart] stream mode enable
2019-07-18 11:21:36,629 INFO 6036 [egg-mongoose] connecting mongodb://127.0.0.1/shoppingMall
2019-07-18 11:21:37,352 INFO 6036 [egg-static] starting static serve /public/ -> C:\Users\Administrator\Desktop\mall\server\app\public
2019-07-18 11:21:37,356 INFO 6036 [egg-security] use methodnoallow middleware
2019-07-18 11:21:37,358 INFO 6036 [egg-security] use noopen middleware
2019-07-18 11:21:37,360 INFO 6036 [egg-security] use nosniff middleware
2019-07-18 11:21:37,361 INFO 6036 [egg-security] use xssProtection middleware
2019-07-18 11:21:37,362 INFO 6036 [egg-security] use xframe middleware
2019-07-18 11:21:37,364 INFO 6036 [egg-security] use dta middleware
2019-07-18 11:21:37,364 INFO 6036 [egg-security] compose 6 middlewares into one security middleware
2019-07-18 11:21:37,413 INFO 6036 [egg:core] dump config after load, 13ms
2019-07-18 11:21:37,417 INFO 6036 [egg-mongoose] starting...
2019-07-18 11:21:37,483 INFO 6036 [egg-mongoose] mongodb://127.0.0.1/shoppingMall connected successfully
2019-07-18 11:21:37,491 INFO 6036 [egg-mongoose] instance[0] start successfully
2019-07-18 11:21:37,493 INFO 6036 [egg-watcher:application] watcher start success
2019-07-18 11:21:37,510 INFO 6036 [egg:core] dump config after ready, 11ms
2019-07-19 08:33:38,033 INFO 3252 [egg:logger] init all loggers with options: {"dir":"C:\\Users\\Administrator\\Desktop\\mall\\server\\logs\\server","encoding":"utf8","env":"local","level":"INFO","consoleLevel":"INFO","disableConsoleAfterReady":false,"outputJSON":false,"buffer":true,"appLogName":"server-web.log","coreLogName":"egg-web.log","agentLogName":"egg-agent.log","errorLogName":"common-error.log","coreLogger":{"consoleLevel":"WARN"},"allowDebugAtProd":false,"type":"application"}
2019-07-19 08:33:38,075 INFO 3252 [egg-multipart] stream mode enable
2019-07-19 08:33:38,789 INFO 3252 [egg-mongoose] connecting mongodb://127.0.0.1/shoppingMall
2019-07-19 08:33:39,300 INFO 3252 [egg-static] starting static serve /public/ -> C:\Users\Administrator\Desktop\mall\server\app\public
2019-07-19 08:33:39,304 INFO 3252 [egg-security] use methodnoallow middleware
2019-07-19 08:33:39,305 INFO 3252 [egg-security] use noopen middleware
2019-07-19 08:33:39,307 INFO 3252 [egg-security] use nosniff middleware
2019-07-19 08:33:39,307 INFO 3252 [egg-security] use xssProtection middleware
2019-07-19 08:33:39,310 INFO 3252 [egg-security] use xframe middleware
2019-07-19 08:33:39,313 INFO 3252 [egg-security] use dta middleware
2019-07-19 08:33:39,313 INFO 3252 [egg-security] compose 6 middlewares into one security middleware
2019-07-19 08:33:39,351 INFO 3252 [egg:core] dump config after load, 11ms
2019-07-19 08:33:39,353 INFO 3252 [egg-mongoose] starting...
2019-07-19 08:33:39,400 INFO 3252 [egg-mongoose] mongodb://127.0.0.1/shoppingMall connected successfully
2019-07-19 08:33:39,407 INFO 3252 [egg-mongoose] instance[0] start successfully
2019-07-19 08:33:39,413 INFO 3252 [egg-watcher:application] watcher start success
2019-07-19 08:33:39,424 INFO 3252 [egg:core] dump config after ready, 5ms
2019-07-22 08:24:08,711 INFO 6136 [egg:logger] init all loggers with options: {"dir":"C:\\Users\\Administrator\\Desktop\\mall\\server\\logs\\server","encoding":"utf8","env":"local","level":"INFO","consoleLevel":"INFO","disableConsoleAfterReady":false,"outputJSON":false,"buffer":true,"appLogName":"server-web.log","coreLogName":"egg-web.log","agentLogName":"egg-agent.log","errorLogName":"common-error.log","coreLogger":{"consoleLevel":"WARN"},"allowDebugAtProd":false,"type":"application"}
2019-07-22 08:24:08,766 INFO 6136 [egg-multipart] stream mode enable
2019-07-22 08:24:09,675 INFO 6136 [egg-mongoose] connecting mongodb://127.0.0.1/shoppingMall
2019-07-22 08:24:10,415 INFO 6136 [egg-static] starting static serve /public/ -> C:\Users\Administrator\Desktop\mall\server\app\public
2019-07-22 08:24:10,424 INFO 6136 [egg-security] use methodnoallow middleware
2019-07-22 08:24:10,426 INFO 6136 [egg-security] use noopen middleware
2019-07-22 08:24:10,428 INFO 6136 [egg-security] use nosniff middleware
2019-07-22 08:24:10,429 INFO 6136 [egg-security] use xssProtection middleware
2019-07-22 08:24:10,430 INFO 6136 [egg-security] use xframe middleware
2019-07-22 08:24:10,431 INFO 6136 [egg-security] use dta middleware
2019-07-22 08:24:10,431 INFO 6136 [egg-security] compose 6 middlewares into one security middleware
2019-07-22 08:24:10,474 INFO 6136 [egg:core] dump config after load, 5ms
2019-07-22 08:24:10,478 INFO 6136 [egg-mongoose] starting...
2019-07-22 08:24:10,562 INFO 6136 [egg-mongoose] mongodb://127.0.0.1/shoppingMall connected successfully
2019-07-22 08:24:10,571 INFO 6136 [egg-mongoose] instance[0] start successfully
2019-07-22 08:24:10,573 INFO 6136 [egg-watcher:application] watcher start success
2019-07-22 08:24:10,583 INFO 6136 [egg:core] dump config after ready, 6ms
2019-07-23 08:39:04,271 INFO 3472 [egg:logger] init all loggers with options: {"dir":"C:\\Users\\Administrator\\Desktop\\mall\\server\\logs\\server","encoding":"utf8","env":"local","level":"INFO","consoleLevel":"INFO","disableConsoleAfterReady":false,"outputJSON":false,"buffer":true,"appLogName":"server-web.log","coreLogName":"egg-web.log","agentLogName":"egg-agent.log","errorLogName":"common-error.log","coreLogger":{"consoleLevel":"WARN"},"allowDebugAtProd":false,"type":"application"}
2019-07-23 08:39:04,318 INFO 3472 [egg-multipart] stream mode enable
2019-07-23 08:39:05,024 INFO 3472 [egg-mongoose] connecting mongodb://127.0.0.1/shoppingMall
2019-07-23 08:39:05,523 INFO 3472 [egg-static] starting static serve /public/ -> C:\Users\Administrator\Desktop\mall\server\app\public
2019-07-23 08:39:05,526 INFO 3472 [egg-security] use methodnoallow middleware
2019-07-23 08:39:05,527 INFO 3472 [egg-security] use noopen middleware
2019-07-23 08:39:05,528 INFO 3472 [egg-security] use nosniff middleware
2019-07-23 08:39:05,529 INFO 3472 [egg-security] use xssProtection middleware
2019-07-23 08:39:05,530 INFO 3472 [egg-security] use xframe middleware
2019-07-23 08:39:05,537 INFO 3472 [egg-security] use dta middleware
2019-07-23 08:39:05,537 INFO 3472 [egg-security] compose 6 middlewares into one security middleware
2019-07-23 08:39:05,567 INFO 3472 [egg:core] dump config after load, 6ms
2019-07-23 08:39:05,570 INFO 3472 [egg-mongoose] starting...
2019-07-23 08:39:05,624 INFO 3472 [egg-mongoose] mongodb://127.0.0.1/shoppingMall connected successfully
2019-07-23 08:39:05,631 INFO 3472 [egg-mongoose] instance[0] start successfully
2019-07-23 08:39:05,633 INFO 3472 [egg-watcher:application] watcher start success
2019-07-23 08:39:05,649 INFO 3472 [egg:core] dump config after ready, 11ms
2019-07-24 08:28:27,393 INFO 2804 [egg:logger] init all loggers with options: {"dir":"C:\\Users\\Administrator\\Desktop\\mall\\server\\logs\\server","encoding":"utf8","env":"local","level":"INFO","consoleLevel":"INFO","disableConsoleAfterReady":false,"outputJSON":false,"buffer":true,"appLogName":"server-web.log","coreLogName":"egg-web.log","agentLogName":"egg-agent.log","errorLogName":"common-error.log","coreLogger":{"consoleLevel":"WARN"},"allowDebugAtProd":false,"type":"application"}
2019-07-24 08:28:27,435 INFO 2804 [egg-multipart] stream mode enable
2019-07-24 08:28:28,243 INFO 2804 [egg-mongoose] connecting mongodb://127.0.0.1/shoppingMall
2019-07-24 08:28:28,752 INFO 2804 [egg-static] starting static serve /public/ -> C:\Users\Administrator\Desktop\mall\server\app\public
2019-07-24 08:28:28,755 INFO 2804 [egg-security] use methodnoallow middleware
2019-07-24 08:28:28,756 INFO 2804 [egg-security] use noopen middleware
2019-07-24 08:28:28,757 INFO 2804 [egg-security] use nosniff middleware
2019-07-24 08:28:28,758 INFO 2804 [egg-security] use xssProtection middleware
2019-07-24 08:28:28,759 INFO 2804 [egg-security] use xframe middleware
2019-07-24 08:28:28,759 INFO 2804 [egg-security] use dta middleware
2019-07-24 08:28:28,759 INFO 2804 [egg-security] compose 6 middlewares into one security middleware
2019-07-24 08:28:28,788 INFO 2804 [egg:core] dump config after load, 6ms
2019-07-24 08:28:28,790 INFO 2804 [egg-mongoose] starting...
2019-07-24 08:28:28,842 INFO 2804 [egg-mongoose] mongodb://127.0.0.1/shoppingMall connected successfully
2019-07-24 08:28:28,854 INFO 2804 [egg-mongoose] instance[0] start successfully
2019-07-24 08:28:28,856 INFO 2804 [egg-watcher:application] watcher start success
2019-07-24 08:28:28,865 INFO 2804 [egg:core] dump config after ready, 6ms
2019-07-24 12:08:32,922 INFO 2916 [egg:logger] init all loggers with options: {"dir":"C:\\Users\\Administrator\\Desktop\\mall\\server\\logs\\server","encoding":"utf8","env":"local","level":"INFO","consoleLevel":"INFO","disableConsoleAfterReady":false,"outputJSON":false,"buffer":true,"appLogName":"server-web.log","coreLogName":"egg-web.log","agentLogName":"egg-agent.log","errorLogName":"common-error.log","coreLogger":{"consoleLevel":"WARN"},"allowDebugAtProd":false,"type":"application"}
2019-07-24 12:08:32,994 INFO 2916 [egg-multipart] stream mode enable
2019-07-24 12:08:34,329 INFO 2916 [egg-mongoose] connecting mongodb://127.0.0.1/shoppingMall
2019-07-24 12:08:35,336 INFO 2916 [egg-static] starting static serve /public/ -> C:\Users\Administrator\Desktop\mall\server\app\public
2019-07-24 12:08:35,350 INFO 2916 [egg-security] use methodnoallow middleware
2019-07-24 12:08:35,351 INFO 2916 [egg-security] use noopen middleware
2019-07-24 12:08:35,353 INFO 2916 [egg-security] use nosniff middleware
2019-07-24 12:08:35,354 INFO 2916 [egg-security] use xssProtection middleware
2019-07-24 12:08:35,355 INFO 2916 [egg-security] use xframe middleware
2019-07-24 12:08:35,356 INFO 2916 [egg-security] use dta middleware
2019-07-24 12:08:35,356 INFO 2916 [egg-security] compose 6 middlewares into one security middleware
2019-07-24 12:08:35,401 INFO 2916 [egg:core] dump config after load, 7ms
2019-07-24 12:08:35,403 INFO 2916 [egg-mongoose] starting...
2019-07-24 12:08:35,486 INFO 2916 [egg-mongoose] mongodb://127.0.0.1/shoppingMall connected successfully
2019-07-24 12:08:35,499 INFO 2916 [egg-mongoose] instance[0] start successfully
2019-07-24 12:08:35,524 INFO 2916 [egg-watcher:application] watcher start success
2019-07-24 12:08:35,535 INFO 2916 [egg:core] dump config after ready, 8ms
2019-07-25 08:53:19,590 INFO 5504 [egg:logger] init all loggers with options: {"dir":"C:\\Users\\Administrator\\Desktop\\mall\\server\\logs\\server","encoding":"utf8","env":"local","level":"INFO","consoleLevel":"INFO","disableConsoleAfterReady":false,"outputJSON":false,"buffer":true,"appLogName":"server-web.log","coreLogName":"egg-web.log","agentLogName":"egg-agent.log","errorLogName":"common-error.log","coreLogger":{"consoleLevel":"WARN"},"allowDebugAtProd":false,"type":"application"}
2019-07-25 08:53:19,646 INFO 5504 [egg-multipart] stream mode enable
2019-07-25 08:53:20,755 INFO 5504 [egg-mongoose] connecting mongodb://127.0.0.1/shoppingMall
2019-07-25 08:53:26,802 INFO 5504 [egg-static] starting static serve /public/ -> C:\Users\Administrator\Desktop\mall\server\app\public
2019-07-25 08:53:26,810 INFO 5504 [egg-security] use methodnoallow middleware
2019-07-25 08:53:26,812 INFO 5504 [egg-security] use noopen middleware
2019-07-25 08:53:26,815 INFO 5504 [egg-security] use nosniff middleware
2019-07-25 08:53:26,816 INFO 5504 [egg-security] use xssProtection middleware
2019-07-25 08:53:26,818 INFO 5504 [egg-security] use xframe middleware
2019-07-25 08:53:26,820 INFO 5504 [egg-security] use dta middleware
2019-07-25 08:53:26,820 INFO 5504 [egg-security] compose 6 middlewares into one security middleware
2019-07-25 08:53:26,901 INFO 5504 [egg:core] dump config after load, 17ms
2019-07-25 08:53:26,906 INFO 5504 [egg-mongoose] starting...
2019-07-25 08:53:27,017 INFO 5504 [egg-mongoose] mongodb://127.0.0.1/shoppingMall connected successfully
2019-07-25 08:53:27,037 INFO 5504 [egg-mongoose] instance[0] start successfully
2019-07-25 08:53:27,041 INFO 5504 [egg-watcher:application] watcher start success
2019-07-25 08:53:27,068 INFO 5504 [egg:core] dump config after ready, 19ms
2019-07-26 09:09:30,695 INFO 1404 [egg:logger] init all loggers with options: {"dir":"C:\\Users\\Administrator\\Desktop\\mall\\server\\logs\\server","encoding":"utf8","env":"local","level":"INFO","consoleLevel":"INFO","disableConsoleAfterReady":false,"outputJSON":false,"buffer":true,"appLogName":"server-web.log","coreLogName":"egg-web.log","agentLogName":"egg-agent.log","errorLogName":"common-error.log","coreLogger":{"consoleLevel":"WARN"},"allowDebugAtProd":false,"type":"application"}
2019-07-26 09:09:30,734 INFO 1404 [egg-multipart] stream mode enable
2019-07-26 09:09:31,575 INFO 1404 [egg-mongoose] connecting mongodb://127.0.0.1/shoppingMall
2019-07-26 09:09:32,197 INFO 1404 [egg-static] starting static serve /public/ -> C:\Users\Administrator\Desktop\mall\server\app\public
2019-07-26 09:09:32,201 INFO 1404 [egg-security] use methodnoallow middleware
2019-07-26 09:09:32,202 INFO 1404 [egg-security] use noopen middleware
2019-07-26 09:09:32,203 INFO 1404 [egg-security] use nosniff middleware
2019-07-26 09:09:32,204 INFO 1404 [egg-security] use xssProtection middleware
2019-07-26 09:09:32,205 INFO 1404 [egg-security] use xframe middleware
2019-07-26 09:09:32,205 INFO 1404 [egg-security] use dta middleware
2019-07-26 09:09:32,205 INFO 1404 [egg-security] compose 6 middlewares into one security middleware
2019-07-26 09:09:32,239 INFO 1404 [egg:core] dump config after load, 5ms
2019-07-26 09:09:32,242 INFO 1404 [egg-mongoose] starting...
2019-07-26 09:09:32,302 INFO 1404 [egg-mongoose] mongodb://127.0.0.1/shoppingMall connected successfully
2019-07-26 09:09:32,309 INFO 1404 [egg-mongoose] instance[0] start successfully
2019-07-26 09:09:32,317 INFO 1404 [egg-watcher:application] watcher start success
2019-07-26 09:09:32,330 INFO 1404 [egg:core] dump config after ready, 6ms
2019-07-27 08:57:45,596 INFO 5024 [egg:logger] init all loggers with options: {"dir":"C:\\Users\\Administrator\\Desktop\\mall\\server\\logs\\server","encoding":"utf8","env":"local","level":"INFO","consoleLevel":"INFO","disableConsoleAfterReady":false,"outputJSON":false,"buffer":true,"appLogName":"server-web.log","coreLogName":"egg-web.log","agentLogName":"egg-agent.log","errorLogName":"common-error.log","coreLogger":{"consoleLevel":"WARN"},"allowDebugAtProd":false,"type":"application"}
2019-07-27 08:57:45,635 INFO 5024 [egg-multipart] stream mode enable
2019-07-27 08:57:46,388 INFO 5024 [egg-mongoose] connecting mongodb://127.0.0.1/shoppingMall
2019-07-27 08:57:46,939 INFO 5024 [egg-static] starting static serve /public/ -> C:\Users\Administrator\Desktop\mall\server\app\public
2019-07-27 08:57:46,942 INFO 5024 [egg-security] use methodnoallow middleware
2019-07-27 08:57:46,943 INFO 5024 [egg-security] use noopen middleware
2019-07-27 08:57:46,945 INFO 5024 [egg-security] use nosniff middleware
2019-07-27 08:57:46,946 INFO 5024 [egg-security] use xssProtection middleware
2019-07-27 08:57:46,947 INFO 5024 [egg-security] use xframe middleware
2019-07-27 08:57:46,951 INFO 5024 [egg-security] use dta middleware
2019-07-27 08:57:46,951 INFO 5024 [egg-security] compose 6 middlewares into one security middleware
2019-07-27 08:57:46,988 INFO 5024 [egg:core] dump config after load, 9ms
2019-07-27 08:57:46,991 INFO 5024 [egg-mongoose] starting...
2019-07-27 08:57:47,045 INFO 5024 [egg-mongoose] mongodb://127.0.0.1/shoppingMall connected successfully
2019-07-27 08:57:47,058 INFO 5024 [egg-mongoose] instance[0] start successfully
2019-07-27 08:57:47,060 INFO 5024 [egg-watcher:application] watcher start success
2019-07-27 08:57:47,070 INFO 5024 [egg:core] dump config after ready, 7ms
2019-07-28 12:11:15,147 INFO 4744 [egg:logger] init all loggers with options: {"dir":"C:\\Users\\13514\\Desktop\\mall\\server\\logs\\server","encoding":"utf8","env":"local","level":"INFO","consoleLevel":"INFO","disableConsoleAfterReady":false,"outputJSON":false,"buffer":true,"appLogName":"server-web.log","coreLogName":"egg-web.log","agentLogName":"egg-agent.log","errorLogName":"common-error.log","coreLogger":{"consoleLevel":"WARN"},"allowDebugAtProd":false,"type":"application"}
2019-07-28 12:11:15,213 INFO 4744 [egg-multipart] stream mode enable
2019-07-28 12:11:16,212 INFO 4744 [egg-mongoose] connecting mongodb://127.0.0.1/shoppingMall
2019-07-28 12:11:16,782 INFO 4744 [egg-static] starting static serve /public/ -> C:\Users\13514\Desktop\mall\server\app\public
2019-07-28 12:11:16,786 INFO 4744 [egg-security] use methodnoallow middleware
2019-07-28 12:11:16,786 INFO 4744 [egg-security] use noopen middleware
2019-07-28 12:11:16,788 INFO 4744 [egg-security] use nosniff middleware
2019-07-28 12:11:16,789 INFO 4744 [egg-security] use xssProtection middleware
2019-07-28 12:11:16,790 INFO 4744 [egg-security] use xframe middleware
2019-07-28 12:11:16,790 INFO 4744 [egg-security] use dta middleware
2019-07-28 12:11:16,790 INFO 4744 [egg-security] compose 6 middlewares into one security middleware
2019-07-28 12:11:16,875 INFO 4744 [egg:core] dump config after load, 20ms
2019-07-28 12:11:16,880 INFO 4744 [egg-mongoose] starting...
2019-07-28 12:11:16,985 INFO 4744 [egg-watcher:application] watcher start success
2019-07-28 12:31:54,581 INFO 14908 [egg:logger] init all loggers with options: {"dir":"C:\\Users\\13514\\Desktop\\mall\\server\\logs\\server","encoding":"utf8","env":"local","level":"INFO","consoleLevel":"INFO","disableConsoleAfterReady":false,"outputJSON":false,"buffer":true,"appLogName":"server-web.log","coreLogName":"egg-web.log","agentLogName":"egg-agent.log","errorLogName":"common-error.log","coreLogger":{"consoleLevel":"WARN"},"allowDebugAtProd":false,"type":"application"}
2019-07-28 12:31:54,618 INFO 14908 [egg-multipart] stream mode enable
2019-07-28 12:31:55,088 INFO 14908 [egg-mongoose] connecting mongodb://127.0.0.1/shoppingMall
2019-07-28 12:31:55,457 INFO 14908 [egg-static] starting static serve /public/ -> C:\Users\13514\Desktop\mall\server\app\public
2019-07-28 12:31:55,461 INFO 14908 [egg-security] use methodnoallow middleware
2019-07-28 12:31:55,462 INFO 14908 [egg-security] use noopen middleware
2019-07-28 12:31:55,463 INFO 14908 [egg-security] use nosniff middleware
2019-07-28 12:31:55,464 INFO 14908 [egg-security] use xssProtection middleware
2019-07-28 12:31:55,465 INFO 14908 [egg-security] use xframe middleware
2019-07-28 12:31:55,465 INFO 14908 [egg-security] use dta middleware
2019-07-28 12:31:55,465 INFO 14908 [egg-security] compose 6 middlewares into one security middleware
2019-07-28 12:31:55,486 INFO 14908 [egg:core] dump config after load, 6ms
2019-07-28 12:31:55,488 INFO 14908 [egg-mongoose] starting...
2019-07-28 12:31:55,521 INFO 14908 [egg-watcher:application] watcher start success
2019-07-28 12:47:20,785 INFO 6064 [egg:logger] init all loggers with options: {"dir":"C:\\Users\\13514\\Desktop\\mall\\server\\logs\\server","encoding":"utf8","env":"local","level":"INFO","consoleLevel":"INFO","disableConsoleAfterReady":false,"outputJSON":false,"buffer":true,"appLogName":"server-web.log","coreLogName":"egg-web.log","agentLogName":"egg-agent.log","errorLogName":"common-error.log","coreLogger":{"consoleLevel":"WARN"},"allowDebugAtProd":false,"type":"application"}
2019-07-28 12:47:20,908 INFO 6064 [egg-multipart] stream mode enable
2019-07-28 12:47:22,330 INFO 6064 [egg-mongoose] connecting mongodb://127.0.0.1/shoppingMall
2019-07-28 12:47:23,444 INFO 6064 [egg-static] starting static serve /public/ -> C:\Users\13514\Desktop\mall\server\app\public
2019-07-28 12:47:23,454 INFO 6064 [egg-security] use methodnoallow middleware
2019-07-28 12:47:23,457 INFO 6064 [egg-security] use noopen middleware
2019-07-28 12:47:23,462 INFO 6064 [egg-security] use nosniff middleware
2019-07-28 12:47:23,465 INFO 6064 [egg-security] use xssProtection middleware
2019-07-28 12:47:23,467 INFO 6064 [egg-security] use xframe middleware
2019-07-28 12:47:23,469 INFO 6064 [egg-security] use dta middleware
2019-07-28 12:47:23,469 INFO 6064 [egg-security] compose 6 middlewares into one security middleware
2019-07-28 12:47:23,539 INFO 6064 [egg:core] dump config after load, 22ms
2019-07-28 12:47:23,544 INFO 6064 [egg-mongoose] starting...
2019-07-28 12:47:23,629 INFO 6064 [egg-watcher:application] watcher start success
2019-07-28 12:50:46,363 INFO 10924 [egg:logger] init all loggers with options: {"dir":"C:\\Users\\13514\\Desktop\\mall\\server\\logs\\server","encoding":"utf8","env":"local","level":"INFO","consoleLevel":"INFO","disableConsoleAfterReady":false,"outputJSON":false,"buffer":true,"appLogName":"server-web.log","coreLogName":"egg-web.log","agentLogName":"egg-agent.log","errorLogName":"common-error.log","coreLogger":{"consoleLevel":"WARN"},"allowDebugAtProd":false,"type":"application"}
2019-07-28 12:50:46,442 INFO 10924 [egg-multipart] stream mode enable
2019-07-28 12:50:47,848 INFO 10924 [egg-mongoose] connecting mongodb://127.0.0.1/shoppingMall
2019-07-28 12:50:48,853 INFO 10924 [egg-static] starting static serve /public/ -> C:\Users\13514\Desktop\mall\server\app\public
2019-07-28 12:50:48,865 INFO 10924 [egg-security] use methodnoallow middleware
2019-07-28 12:50:48,869 INFO 10924 [egg-security] use noopen middleware
2019-07-28 12:50:48,875 INFO 10924 [egg-security] use nosniff middleware
2019-07-28 12:50:48,878 INFO 10924 [egg-security] use xssProtection middleware
2019-07-28 12:50:48,881 INFO 10924 [egg-security] use xframe middleware
2019-07-28 12:50:48,883 INFO 10924 [egg-security] use dta middleware
2019-07-28 12:50:48,883 INFO 10924 [egg-security] compose 6 middlewares into one security middleware
2019-07-28 12:50:48,945 INFO 10924 [egg:core] dump config after load, 14ms
2019-07-28 12:50:48,954 INFO 10924 [egg-mongoose] starting...
2019-07-28 12:50:49,044 INFO 10924 [egg-watcher:application] watcher start success
2019-07-28 12:55:48,494 INFO 9088 [egg:logger] init all loggers with options: {"dir":"C:\\Users\\13514\\Desktop\\mall\\server\\logs\\server","encoding":"utf8","env":"local","level":"INFO","consoleLevel":"INFO","disableConsoleAfterReady":false,"outputJSON":false,"buffer":true,"appLogName":"server-web.log","coreLogName":"egg-web.log","agentLogName":"egg-agent.log","errorLogName":"common-error.log","coreLogger":{"consoleLevel":"WARN"},"allowDebugAtProd":false,"type":"application"}
2019-07-28 12:55:48,556 INFO 9088 [egg-multipart] stream mode enable
2019-07-28 12:55:49,309 INFO 9088 [egg-mongoose] connecting mongodb://127.0.0.1/shoppingMall
2019-07-28 12:55:50,408 INFO 9088 [egg-static] starting static serve /public/ -> C:\Users\13514\Desktop\mall\server\app\public
2019-07-28 12:55:50,419 INFO 9088 [egg-security] use methodnoallow middleware
2019-07-28 12:55:50,421 INFO 9088 [egg-security] use noopen middleware
2019-07-28 12:55:50,427 INFO 9088 [egg-security] use nosniff middleware
2019-07-28 12:55:50,429 INFO 9088 [egg-security] use xssProtection middleware
2019-07-28 12:55:50,432 INFO 9088 [egg-security] use xframe middleware
2019-07-28 12:55:50,434 INFO 9088 [egg-security] use dta middleware
2019-07-28 12:55:50,434 INFO 9088 [egg-security] compose 6 middlewares into one security middleware
2019-07-28 12:55:50,508 INFO 9088 [egg:core] dump config after load, 20ms
2019-07-28 12:55:50,513 INFO 9088 [egg-mongoose] starting...
2019-07-28 12:55:50,563 INFO 9088 [egg-watcher:application] watcher start success
2019-07-28 13:03:04,442 INFO 17108 [egg:logger] init all loggers with options: {"dir":"C:\\Users\\13514\\Desktop\\mall\\server\\logs\\server","encoding":"utf8","env":"local","level":"INFO","consoleLevel":"INFO","disableConsoleAfterReady":false,"outputJSON":false,"buffer":true,"appLogName":"server-web.log","coreLogName":"egg-web.log","agentLogName":"egg-agent.log","errorLogName":"common-error.log","coreLogger":{"consoleLevel":"WARN"},"allowDebugAtProd":false,"type":"application"}
2019-07-28 13:03:04,492 INFO 17108 [egg-multipart] stream mode enable
2019-07-28 13:03:05,164 INFO 17108 [egg-mongoose] connecting mongodb://127.0.0.1/shoppingMall
2019-07-28 13:03:05,601 INFO 17108 [egg-static] starting static serve /public/ -> C:\Users\13514\Desktop\mall\server\app\public
2019-07-28 13:03:05,604 INFO 17108 [egg-security] use methodnoallow middleware
2019-07-28 13:03:05,605 INFO 17108 [egg-security] use noopen middleware
2019-07-28 13:03:05,607 INFO 17108 [egg-security] use nosniff middleware
2019-07-28 13:03:05,608 INFO 17108 [egg-security] use xssProtection middleware
2019-07-28 13:03:05,609 INFO 17108 [egg-security] use xframe middleware
2019-07-28 13:03:05,610 INFO 17108 [egg-security] use dta middleware
2019-07-28 13:03:05,610 INFO 17108 [egg-security] compose 6 middlewares into one security middleware
2019-07-28 13:03:05,635 INFO 17108 [egg:core] dump config after load, 8ms
2019-07-28 13:03:05,638 INFO 17108 [egg-mongoose] starting...
2019-07-28 13:03:05,677 INFO 17108 [egg-watcher:application] watcher start success
2019-07-28 13:08:59,154 INFO 2792 [egg:logger] init all loggers with options: {"dir":"C:\\Users\\13514\\Desktop\\mall\\server\\logs\\server","encoding":"utf8","env":"local","level":"INFO","consoleLevel":"INFO","disableConsoleAfterReady":false,"outputJSON":false,"buffer":true,"appLogName":"server-web.log","coreLogName":"egg-web.log","agentLogName":"egg-agent.log","errorLogName":"common-error.log","coreLogger":{"consoleLevel":"WARN"},"allowDebugAtProd":false,"type":"application"}
2019-07-28 13:08:59,222 INFO 2792 [egg-multipart] stream mode enable
2019-07-28 13:08:59,983 INFO 2792 [egg-mongoose] connecting mongodb://127.0.0.1/shoppingMall
2019-07-28 13:09:00,422 INFO 2792 [egg-static] starting static serve /public/ -> C:\Users\13514\Desktop\mall\server\app\public
2019-07-28 13:09:00,426 INFO 2792 [egg-security] use methodnoallow middleware
2019-07-28 13:09:00,427 INFO 2792 [egg-security] use noopen middleware
2019-07-28 13:09:00,429 INFO 2792 [egg-security] use nosniff middleware
2019-07-28 13:09:00,429 INFO 2792 [egg-security] use xssProtection middleware
2019-07-28 13:09:00,430 INFO 2792 [egg-security] use xframe middleware
2019-07-28 13:09:00,431 INFO 2792 [egg-security] use dta middleware
2019-07-28 13:09:00,431 INFO 2792 [egg-security] compose 6 middlewares into one security middleware
2019-07-28 13:09:00,455 INFO 2792 [egg:core] dump config after load, 8ms
2019-07-28 13:09:00,458 INFO 2792 [egg-mongoose] starting...
2019-07-28 13:09:00,498 INFO 2792 [egg-watcher:application] watcher start success
2019-07-28 20:27:35,641 INFO 5732 [egg:logger] init all loggers with options: {"dir":"C:\\Users\\13514\\Desktop\\mall\\server\\logs\\server","encoding":"utf8","env":"local","level":"INFO","consoleLevel":"INFO","disableConsoleAfterReady":false,"outputJSON":false,"buffer":true,"appLogName":"server-web.log","coreLogName":"egg-web.log","agentLogName":"egg-agent.log","errorLogName":"common-error.log","coreLogger":{"consoleLevel":"WARN"},"allowDebugAtProd":false,"type":"application"}
2019-07-28 20:27:35,700 INFO 5732 [egg-multipart] stream mode enable
2019-07-28 20:27:36,635 INFO 5732 [egg-mongoose] connecting mongodb://127.0.0.1/shoppingMall
2019-07-28 20:27:37,389 INFO 5732 [egg-static] starting static serve /public/ -> C:\Users\13514\Desktop\mall\server\app\public
2019-07-28 20:27:37,395 INFO 5732 [egg-security] use methodnoallow middleware
2019-07-28 20:27:37,397 INFO 5732 [egg-security] use noopen middleware
2019-07-28 20:27:37,400 INFO 5732 [egg-security] use nosniff middleware
2019-07-28 20:27:37,402 INFO 5732 [egg-security] use xssProtection middleware
2019-07-28 20:27:37,403 INFO 5732 [egg-security] use xframe middleware
2019-07-28 20:27:37,405 INFO 5732 [egg-security] use dta middleware
2019-07-28 20:27:37,405 INFO 5732 [egg-security] compose 6 middlewares into one security middleware
2019-07-28 20:27:37,455 INFO 5732 [egg:core] dump config after load, 15ms
2019-07-28 20:27:37,460 INFO 5732 [egg-mongoose] starting...
2019-07-28 20:27:37,534 INFO 5732 [egg-watcher:application] watcher start success
2019-07-29 23:39:54,931 INFO 14264 [egg:logger] init all loggers with options: {"dir":"C:\\Users\\13514\\Desktop\\mall\\server\\logs\\server","encoding":"utf8","env":"local","level":"INFO","consoleLevel":"INFO","disableConsoleAfterReady":false,"outputJSON":false,"buffer":true,"appLogName":"server-web.log","coreLogName":"egg-web.log","agentLogName":"egg-agent.log","errorLogName":"common-error.log","coreLogger":{"consoleLevel":"WARN"},"allowDebugAtProd":false,"type":"application"}
2019-07-29 23:39:54,980 INFO 14264 [egg-multipart] stream mode enable
2019-07-29 23:39:55,607 INFO 14264 [egg-mongoose] connecting mongodb://127.0.0.1/shoppingMall
2019-07-29 23:39:56,078 INFO 14264 [egg-static] starting static serve /public/ -> C:\Users\13514\Desktop\mall\server\app\public
2019-07-29 23:39:56,082 INFO 14264 [egg-security] use methodnoallow middleware
2019-07-29 23:39:56,083 INFO 14264 [egg-security] use noopen middleware
2019-07-29 23:39:56,084 INFO 14264 [egg-security] use nosniff middleware
2019-07-29 23:39:56,085 INFO 14264 [egg-security] use xssProtection middleware
2019-07-29 23:39:56,086 INFO 14264 [egg-security] use xframe middleware
2019-07-29 23:39:56,087 INFO 14264 [egg-security] use dta middleware
2019-07-29 23:39:56,087 INFO 14264 [egg-security] compose 6 middlewares into one security middleware
2019-07-29 23:39:56,119 INFO 14264 [egg:core] dump config after load, 8ms
2019-07-29 23:39:56,123 INFO 14264 [egg-mongoose] starting...
2019-07-29 23:39:56,179 INFO 14264 [egg-watcher:application] watcher start success
2019-07-29 23:39:56,406 INFO 7944 [egg:logger] init all loggers with options: {"dir":"C:\\Users\\13514\\Desktop\\mall\\server\\logs\\server","encoding":"utf8","env":"local","level":"INFO","consoleLevel":"INFO","disableConsoleAfterReady":false,"outputJSON":false,"buffer":true,"appLogName":"server-web.log","coreLogName":"egg-web.log","agentLogName":"egg-agent.log","errorLogName":"common-error.log","coreLogger":{"consoleLevel":"WARN"},"allowDebugAtProd":false,"type":"application"}
2019-07-29 23:39:56,460 INFO 7944 [egg-multipart] stream mode enable
2019-07-29 23:39:56,987 INFO 7944 [egg-mongoose] connecting mongodb://127.0.0.1/shoppingMall
2019-07-29 23:39:57,356 INFO 7944 [egg-static] starting static serve /public/ -> C:\Users\13514\Desktop\mall\server\app\public
2019-07-29 23:39:57,361 INFO 7944 [egg-security] use methodnoallow middleware
2019-07-29 23:39:57,362 INFO 7944 [egg-security] use noopen middleware
2019-07-29 23:39:57,364 INFO 7944 [egg-security] use nosniff middleware
2019-07-29 23:39:57,365 INFO 7944 [egg-security] use xssProtection middleware
2019-07-29 23:39:57,366 INFO 7944 [egg-security] use xframe middleware
2019-07-29 23:39:57,368 INFO 7944 [egg-security] use dta middleware
2019-07-29 23:39:57,368 INFO 7944 [egg-security] compose 6 middlewares into one security middleware
2019-07-29 23:39:57,411 INFO 7944 [egg:core] dump config after load, 15ms
2019-07-29 23:39:57,415 INFO 7944 [egg-mongoose] starting...
2019-07-31 15:46:23,693 INFO 10892 [egg:logger] init all loggers with options: {"dir":"C:\\Users\\13514\\Desktop\\mall\\server\\logs\\server","encoding":"utf8","env":"local","level":"INFO","consoleLevel":"INFO","disableConsoleAfterReady":false,"outputJSON":false,"buffer":true,"appLogName":"server-web.log","coreLogName":"egg-web.log","agentLogName":"egg-agent.log","errorLogName":"common-error.log","coreLogger":{"consoleLevel":"WARN"},"allowDebugAtProd":false,"type":"application"}
2019-07-31 15:46:23,733 INFO 10892 [egg-multipart] stream mode enable
2019-07-31 15:46:24,203 INFO 10892 [egg-mongoose] connecting mongodb://127.0.0.1/shoppingMall
2019-07-31 15:46:24,843 INFO 10892 [egg-static] starting static serve /public/ -> C:\Users\13514\Desktop\mall\server\app\public
2019-07-31 15:46:24,849 INFO 10892 [egg-security] use methodnoallow middleware
2019-07-31 15:46:24,851 INFO 10892 [egg-security] use noopen middleware
2019-07-31 15:46:24,853 INFO 10892 [egg-security] use nosniff middleware
2019-07-31 15:46:24,855 INFO 10892 [egg-security] use xssProtection middleware
2019-07-31 15:46:24,856 INFO 10892 [egg-security] use xframe middleware
2019-07-31 15:46:24,857 INFO 10892 [egg-security] use dta middleware
2019-07-31 15:46:24,857 INFO 10892 [egg-security] compose 6 middlewares into one security middleware
2019-07-31 15:46:24,906 INFO 10892 [egg:core] dump config after load, 13ms
2019-07-31 15:46:24,911 INFO 10892 [egg-mongoose] starting...
2019-07-31 15:46:24,966 INFO 10892 [egg-mongoose] mongodb://127.0.0.1/shoppingMall connected successfully
2019-07-31 15:46:24,976 INFO 10892 [egg-mongoose] instance[0] start successfully
2019-07-31 15:46:24,980 INFO 10892 [egg-watcher:application] watcher start success
2019-07-31 15:46:24,993 INFO 10892 [egg:core] dump config after ready, 8ms
2019-07-31 15:46:25,570 INFO 10724 [egg:logger] init all loggers with options: {"dir":"C:\\Users\\13514\\Desktop\\mall\\server\\logs\\server","encoding":"utf8","env":"local","level":"INFO","consoleLevel":"INFO","disableConsoleAfterReady":false,"outputJSON":false,"buffer":true,"appLogName":"server-web.log","coreLogName":"egg-web.log","agentLogName":"egg-agent.log","errorLogName":"common-error.log","coreLogger":{"consoleLevel":"WARN"},"allowDebugAtProd":false,"type":"application"}
2019-07-31 15:46:25,625 INFO 10724 [egg-multipart] stream mode enable
2019-07-31 15:46:26,272 INFO 10724 [egg-mongoose] connecting mongodb://127.0.0.1/shoppingMall
2019-07-31 15:46:26,814 INFO 10724 [egg-static] starting static serve /public/ -> C:\Users\13514\Desktop\mall\server\app\public
2019-07-31 15:46:26,824 INFO 10724 [egg-security] use methodnoallow middleware
2019-07-31 15:46:26,826 INFO 10724 [egg-security] use noopen middleware
2019-07-31 15:46:26,831 INFO 10724 [egg-security] use nosniff middleware
2019-07-31 15:46:26,832 INFO 10724 [egg-security] use xssProtection middleware
2019-07-31 15:46:26,835 INFO 10724 [egg-security] use xframe middleware
2019-07-31 15:46:26,836 INFO 10724 [egg-security] use dta middleware
2019-07-31 15:46:26,836 INFO 10724 [egg-security] compose 6 middlewares into one security middleware
2019-07-31 15:46:26,878 INFO 10724 [egg:core] dump config after load, 11ms
2019-07-31 15:46:26,882 INFO 10724 [egg-mongoose] starting...
2019-07-31 15:46:26,936 INFO 10724 [egg-mongoose] mongodb://127.0.0.1/shoppingMall connected successfully
2019-07-31 15:46:26,947 INFO 10724 [egg-mongoose] instance[0] start successfully
2019-07-31 15:46:26,952 INFO 10724 [egg-watcher:application] watcher start success
2019-07-31 15:46:26,964 INFO 10724 [egg:core] dump config after ready, 9ms
2019-07-31 15:46:28,905 INFO 7668 [egg:logger] init all loggers with options: {"dir":"C:\\Users\\13514\\Desktop\\mall\\server\\logs\\server","encoding":"utf8","env":"local","level":"INFO","consoleLevel":"INFO","disableConsoleAfterReady":false,"outputJSON":false,"buffer":true,"appLogName":"server-web.log","coreLogName":"egg-web.log","agentLogName":"egg-agent.log","errorLogName":"common-error.log","coreLogger":{"consoleLevel":"WARN"},"allowDebugAtProd":false,"type":"application"}
2019-07-31 15:46:28,939 INFO 7668 [egg-multipart] stream mode enable
2019-07-31 15:46:29,431 INFO 7668 [egg-mongoose] connecting mongodb://127.0.0.1/shoppingMall
2019-07-31 15:46:29,918 INFO 7668 [egg-static] starting static serve /public/ -> C:\Users\13514\Desktop\mall\server\app\public
2019-07-31 15:46:29,927 INFO 7668 [egg-security] use methodnoallow middleware
2019-07-31 15:46:29,930 INFO 7668 [egg-security] use noopen middleware
2019-07-31 15:46:29,934 INFO 7668 [egg-security] use nosniff middleware
2019-07-31 15:46:29,935 INFO 7668 [egg-security] use xssProtection middleware
2019-07-31 15:46:29,937 INFO 7668 [egg-security] use xframe middleware
2019-07-31 15:46:29,938 INFO 7668 [egg-security] use dta middleware
2019-07-31 15:46:29,938 INFO 7668 [egg-security] compose 6 middlewares into one security middleware
2019-07-31 15:46:29,966 INFO 7668 [egg:core] dump config after load, 7ms
2019-07-31 15:46:29,968 INFO 7668 [egg-mongoose] starting...
2019-07-31 15:46:30,010 INFO 7668 [egg-mongoose] mongodb://127.0.0.1/shoppingMall connected successfully
2019-07-31 15:46:30,018 INFO 7668 [egg-mongoose] instance[0] start successfully
2019-07-31 15:46:30,020 INFO 7668 [egg-watcher:application] watcher start success
2019-07-31 15:46:30,032 INFO 7668 [egg:core] dump config after ready, 8ms
2019-07-31 15:57:13,636 INFO 4816 [egg:logger] init all loggers with options: {"dir":"C:\\Users\\13514\\Desktop\\mall\\server\\logs\\server","encoding":"utf8","env":"local","level":"INFO","consoleLevel":"INFO","disableConsoleAfterReady":false,"outputJSON":false,"buffer":true,"appLogName":"server-web.log","coreLogName":"egg-web.log","agentLogName":"egg-agent.log","errorLogName":"common-error.log","coreLogger":{"consoleLevel":"WARN"},"allowDebugAtProd":false,"type":"application"}
2019-07-31 15:57:13,670 INFO 4816 [egg-multipart] stream mode enable
2019-07-31 15:57:15,059 INFO 4816 [egg-mongoose] connecting mongodb://127.0.0.1/shoppingMall
2019-07-31 15:57:15,523 INFO 4816 [egg-static] starting static serve /public/ -> C:\Users\13514\Desktop\mall\server\app\public
2019-07-31 15:57:15,530 INFO 4816 [egg-security] use methodnoallow middleware
2019-07-31 15:57:15,532 INFO 4816 [egg-security] use noopen middleware
2019-07-31 15:57:15,535 INFO 4816 [egg-security] use nosniff middleware
2019-07-31 15:57:15,537 INFO 4816 [egg-security] use xssProtection middleware
2019-07-31 15:57:15,538 INFO 4816 [egg-security] use xframe middleware
2019-07-31 15:57:15,540 INFO 4816 [egg-security] use dta middleware
2019-07-31 15:57:15,540 INFO 4816 [egg-security] compose 6 middlewares into one security middleware
2019-07-31 15:57:15,592 INFO 4816 [egg:core] dump config after load, 16ms
2019-07-31 15:57:15,598 INFO 4816 [egg-mongoose] starting...
2019-07-31 15:57:15,686 INFO 4816 [egg-mongoose] mongodb://127.0.0.1/shoppingMall connected successfully
2019-07-31 15:57:15,696 INFO 4816 [egg-mongoose] instance[0] start successfully
2019-07-31 15:57:15,699 INFO 4816 [egg-watcher:application] watcher start success
2019-07-31 15:57:15,713 INFO 4816 [egg:core] dump config after ready, 9ms
2019-08-01 16:43:57,746 INFO 15004 [egg:logger] init all loggers with options: {"dir":"C:\\Users\\13514\\Desktop\\mall\\server\\logs\\server","encoding":"utf8","env":"local","level":"INFO","consoleLevel":"INFO","disableConsoleAfterReady":false,"outputJSON":false,"buffer":true,"appLogName":"server-web.log","coreLogName":"egg-web.log","agentLogName":"egg-agent.log","errorLogName":"common-error.log","coreLogger":{"consoleLevel":"WARN"},"allowDebugAtProd":false,"type":"application"}
2019-08-01 16:43:57,788 INFO 15004 [egg-multipart] stream mode enable
2019-08-01 16:43:59,232 INFO 15004 [egg-mongoose] connecting mongodb://127.0.0.1/shoppingMall
2019-08-01 16:44:00,466 INFO 15004 [egg-static] starting static serve /public/ -> C:\Users\13514\Desktop\mall\server\app\public
2019-08-01 16:44:00,478 INFO 15004 [egg-security] use methodnoallow middleware
2019-08-01 16:44:00,481 INFO 15004 [egg-security] use noopen middleware
2019-08-01 16:44:00,486 INFO 15004 [egg-security] use nosniff middleware
2019-08-01 16:44:00,489 INFO 15004 [egg-security] use xssProtection middleware
2019-08-01 16:44:00,492 INFO 15004 [egg-security] use xframe middleware
2019-08-01 16:44:00,494 INFO 15004 [egg-security] use dta middleware
2019-08-01 16:44:00,494 INFO 15004 [egg-security] compose 6 middlewares into one security middleware
2019-08-01 16:44:00,574 INFO 15004 [egg:core] dump config after load, 24ms
2019-08-01 16:44:00,582 INFO 15004 [egg-mongoose] starting...
2019-08-01 16:44:00,726 INFO 15004 [egg-mongoose] mongodb://127.0.0.1/shoppingMall connected successfully
2019-08-01 16:44:00,752 INFO 15004 [egg-mongoose] instance[0] start successfully
2019-08-01 16:44:00,760 INFO 15004 [egg-watcher:application] watcher start success
2019-08-01 16:44:00,800 INFO 15004 [egg:core] dump config after ready, 26ms
2019-08-01 18:15:07,477 INFO 12928 [egg:logger] init all loggers with options: {"dir":"C:\\Users\\13514\\Desktop\\mall\\server\\logs\\server","encoding":"utf8","env":"local","level":"INFO","consoleLevel":"INFO","disableConsoleAfterReady":false,"outputJSON":false,"buffer":true,"appLogName":"server-web.log","coreLogName":"egg-web.log","agentLogName":"egg-agent.log","errorLogName":"common-error.log","coreLogger":{"consoleLevel":"WARN"},"allowDebugAtProd":false,"type":"application"}
2019-08-01 18:15:07,570 INFO 12928 [egg-multipart] stream mode enable
2019-08-01 18:15:08,700 INFO 12928 [egg-mongoose] connecting mongodb://127.0.0.1/shoppingMall
2019-08-01 18:15:09,554 INFO 12928 [egg-static] starting static serve /public/ -> C:\Users\13514\Desktop\mall\server\app\public
2019-08-01 18:15:09,566 INFO 12928 [egg-security] use methodnoallow middleware
2019-08-01 18:15:09,569 INFO 12928 [egg-security] use noopen middleware
2019-08-01 18:15:09,574 INFO 12928 [egg-security] use nosniff middleware
2019-08-01 18:15:09,576 INFO 12928 [egg-security] use xssProtection middleware
2019-08-01 18:15:09,578 INFO 12928 [egg-security] use xframe middleware
2019-08-01 18:15:09,580 INFO 12928 [egg-security] use dta middleware
2019-08-01 18:15:09,581 INFO 12928 [egg-security] compose 6 middlewares into one security middleware
2019-08-01 18:15:09,635 INFO 12928 [egg:core] dump config after load, 17ms
2019-08-01 18:15:09,642 INFO 12928 [egg-mongoose] starting...
2019-08-01 18:15:09,738 INFO 12928 [egg-mongoose] mongodb://127.0.0.1/shoppingMall connected successfully
2019-08-01 18:15:09,751 INFO 12928 [egg-mongoose] instance[0] start successfully
2019-08-01 18:15:09,754 INFO 12928 [egg-watcher:application] watcher start success
2019-08-01 18:15:09,769 INFO 12928 [egg:core] dump config after ready, 9ms
2019-08-01 20:44:58,842 WARN 12928 [ClusterClient:Watcher] follower closed, and try to init it again
